personId, personFirstName, personLastName, xCount, yCount, count
8796093029689, "Eun-Hye", "Yoon", 1, 1, 2
13194139537478, "Anucha", "Charoenpura", 1, 1, 2

real	0m1.626s
user	0m1.195s
sys	0m0.171s
personId, personFirstName, personLastName, xCount, yCount, count
8796093029689, "Eun-Hye", "Yoon", 1, 1, 2
13194139537478, "Anucha", "Charoenpura", 1, 1, 2

real	0m1.598s
user	0m1.189s
sys	0m0.176s
personId, personFirstName, personLastName, xCount, yCount, count
8796093029689, "Eun-Hye", "Yoon", 1, 1, 2
13194139537478, "Anucha", "Charoenpura", 1, 1, 2

real	0m1.571s
user	0m1.231s
sys	0m0.150s
personId, personFirstName, personLastName, xCount, yCount, count
8796093029689, "Eun-Hye", "Yoon", 1, 1, 2
13194139537478, "Anucha", "Charoenpura", 1, 1, 2

real	0m1.566s
user	0m1.199s
sys	0m0.147s
personId, personFirstName, personLastName, xCount, yCount, count
8796093029689, "Eun-Hye", "Yoon", 1, 1, 2
13194139537478, "Anucha", "Charoenpura", 1, 1, 2

real	0m1.581s
user	0m1.214s
sys	0m0.147s
forumTitle, postCount
"Group for Guy_Forget in Batna", 1
"Group for Hamid_Karzai in Moga", 1
"Group for Bing_Crosby in Nilore", 1
"Album 22 of Arap Amanaka", 0
"Album 34 of Arap Amanaka", 0
"Wall of Lei Zhang", 0
"Wall of Frederick Kawawa", 0
"Album 14 of Meera Singh", 0
"Wall of Andre Buysse", 0
"Album 7 of Chen Yang", 0
"Album 33 of Walter Hoffmann", 0
"Album 1 of Wolfgang Schmidt", 0
"Album 21 of Mehmet Ayhan", 0
"Album 2 of Hans Johansson", 0
"Album 5 of Hideki Kato", 0
"Wall of Abdel Halim Ali Shabana Hassan", 0
"Album 32 of Jharana Gurung", 0
"Wall of Fernanda Oliveira", 0
"Wall of Bingjian Zhang", 0
"Wall of Antonio Aristizábal Vásquez", 0

real	0m3.749s
user	0m1.268s
sys	0m0.139s
forumTitle, postCount
"Group for Guy_Forget in Batna", 1
"Group for Hamid_Karzai in Moga", 1
"Group for Bing_Crosby in Nilore", 1
"Album 22 of Arap Amanaka", 0
"Album 34 of Arap Amanaka", 0
"Wall of Lei Zhang", 0
"Wall of Frederick Kawawa", 0
"Album 14 of Meera Singh", 0
"Wall of Andre Buysse", 0
"Album 7 of Chen Yang", 0
"Album 33 of Walter Hoffmann", 0
"Album 1 of Wolfgang Schmidt", 0
"Album 21 of Mehmet Ayhan", 0
"Album 2 of Hans Johansson", 0
"Album 5 of Hideki Kato", 0
"Wall of Abdel Halim Ali Shabana Hassan", 0
"Album 32 of Jharana Gurung", 0
"Wall of Fernanda Oliveira", 0
"Wall of Bingjian Zhang", 0
"Wall of Antonio Aristizábal Vásquez", 0

real	0m3.741s
user	0m1.255s
sys	0m0.137s
forumTitle, postCount
"Group for Guy_Forget in Batna", 1
"Group for Hamid_Karzai in Moga", 1
"Group for Bing_Crosby in Nilore", 1
"Album 22 of Arap Amanaka", 0
"Album 34 of Arap Amanaka", 0
"Wall of Lei Zhang", 0
"Wall of Frederick Kawawa", 0
"Album 14 of Meera Singh", 0
"Wall of Andre Buysse", 0
"Album 7 of Chen Yang", 0
"Album 33 of Walter Hoffmann", 0
"Album 1 of Wolfgang Schmidt", 0
"Album 21 of Mehmet Ayhan", 0
"Album 2 of Hans Johansson", 0
"Album 5 of Hideki Kato", 0
"Wall of Abdel Halim Ali Shabana Hassan", 0
"Album 32 of Jharana Gurung", 0
"Wall of Fernanda Oliveira", 0
"Wall of Bingjian Zhang", 0
"Wall of Antonio Aristizábal Vásquez", 0

real	0m3.739s
user	0m1.234s
sys	0m0.152s
forumTitle, postCount
"Group for Guy_Forget in Batna", 1
"Group for Hamid_Karzai in Moga", 1
"Group for Bing_Crosby in Nilore", 1
"Album 22 of Arap Amanaka", 0
"Album 34 of Arap Amanaka", 0
"Wall of Lei Zhang", 0
"Wall of Frederick Kawawa", 0
"Album 14 of Meera Singh", 0
"Wall of Andre Buysse", 0
"Album 7 of Chen Yang", 0
"Album 33 of Walter Hoffmann", 0
"Album 1 of Wolfgang Schmidt", 0
"Album 21 of Mehmet Ayhan", 0
"Album 2 of Hans Johansson", 0
"Album 5 of Hideki Kato", 0
"Wall of Abdel Halim Ali Shabana Hassan", 0
"Album 32 of Jharana Gurung", 0
"Wall of Fernanda Oliveira", 0
"Wall of Bingjian Zhang", 0
"Wall of Antonio Aristizábal Vásquez", 0

real	0m3.737s
user	0m1.232s
sys	0m0.177s
forumTitle, postCount
"Group for Guy_Forget in Batna", 1
"Group for Hamid_Karzai in Moga", 1
"Group for Bing_Crosby in Nilore", 1
"Album 22 of Arap Amanaka", 0
"Album 34 of Arap Amanaka", 0
"Wall of Lei Zhang", 0
"Wall of Frederick Kawawa", 0
"Album 14 of Meera Singh", 0
"Wall of Andre Buysse", 0
"Album 7 of Chen Yang", 0
"Album 33 of Walter Hoffmann", 0
"Album 1 of Wolfgang Schmidt", 0
"Album 21 of Mehmet Ayhan", 0
"Album 2 of Hans Johansson", 0
"Album 5 of Hideki Kato", 0
"Wall of Abdel Halim Ali Shabana Hassan", 0
"Album 32 of Jharana Gurung", 0
"Wall of Fernanda Oliveira", 0
"Wall of Bingjian Zhang", 0
"Wall of Antonio Aristizábal Vásquez", 0

real	0m3.711s
user	0m1.226s
sys	0m0.160s
tagName, postCount
"Tom_Gehrels", 28
"Sammy_Sosa", 9
"Charles_Dickens", 5
"Genghis_Khan", 5
"Ivan_Ljubičić", 5
"Marc_Gicquel", 5
"Freddie_Mercury", 4
"Peter_Hain", 4
"Robert_Fripp", 4
"Boris_Yeltsin", 3

real	0m1.873s
user	0m1.256s
sys	0m0.119s
tagName, postCount
"Tom_Gehrels", 28
"Sammy_Sosa", 9
"Charles_Dickens", 5
"Genghis_Khan", 5
"Ivan_Ljubičić", 5
"Marc_Gicquel", 5
"Freddie_Mercury", 4
"Peter_Hain", 4
"Robert_Fripp", 4
"Boris_Yeltsin", 3

real	0m1.849s
user	0m1.239s
sys	0m0.133s
tagName, postCount
"Tom_Gehrels", 28
"Sammy_Sosa", 9
"Charles_Dickens", 5
"Genghis_Khan", 5
"Ivan_Ljubičić", 5
"Marc_Gicquel", 5
"Freddie_Mercury", 4
"Peter_Hain", 4
"Robert_Fripp", 4
"Boris_Yeltsin", 3

real	0m1.849s
user	0m1.241s
sys	0m0.125s
tagName, postCount
"Tom_Gehrels", 28
"Sammy_Sosa", 9
"Charles_Dickens", 5
"Genghis_Khan", 5
"Ivan_Ljubičić", 5
"Marc_Gicquel", 5
"Freddie_Mercury", 4
"Peter_Hain", 4
"Robert_Fripp", 4
"Boris_Yeltsin", 3

real	0m1.844s
user	0m1.223s
sys	0m0.160s
tagName, postCount
"Tom_Gehrels", 28
"Sammy_Sosa", 9
"Charles_Dickens", 5
"Genghis_Khan", 5
"Ivan_Ljubičić", 5
"Marc_Gicquel", 5
"Freddie_Mercury", 4
"Peter_Hain", 4
"Robert_Fripp", 4
"Boris_Yeltsin", 3

real	0m1.842s
user	0m1.208s
sys	0m0.162s
personId, personFirstName, personLastName, messageId, messageContent, messageCreationDate
6597069776731, "Sven", "Carlsson", 1511830753701, "no", 2011-12-06T23:59:46.603Z
15393162798801, "Jorge", "Rodriguez", 1511834824644, "About Leonard Cohen, was subsequently reAbout Mustafa Kemal Atatürk, c, an", 2011-12-06T23:57:11.195Z
19791209303491, "George", "Nagy", 1511830615171, "no way!", 2011-12-06T23:56:40.873Z
6597069770520, "Hans", "Larsson", 1511829484942, "About Slovakia, o the south. The largest city About Henry III of England, 77), George I", 2011-12-06T23:56:26.797Z
2199023260376, "Henry", "Stewart", 1511829820007, "roflol", 2011-12-06T23:55:29.294Z
4398046517791, "Deepak", "Sharma", 1511828796796, "About Augustine of Hippo, atron of the Augustinian religious order; About Randy New", 2011-12-06T23:54:24.473Z
19791209306736, "David", "Hleb", 1511829524285, "About Pierre Trudeau, e PrairiAbout Winston Churchill, the resiAbout Jerry Lee Lew", 2011-12-06T23:54:13.044Z
8796093027714, "Abdullah", "Tekin", 1511828811441, "About Charles de Gaulle, rench Forces witAbout Mohammad Reza Pahlavi, t notable of whiAbou", 2011-12-06T23:52:58.860Z
13194139533433, "Taras", "Kofler", 1511828811431, "About Franz Liszt, and teacherAbout Chiang Kai-shek, resumed. ThAbout Al Gr", 2011-12-06T23:51:04.470Z
2530, "Aleksei", "Popov", 1511830618942, "great", 2011-12-06T23:49:26.190Z
19791209302403, "Bibit", "Balawan", 1511833690286, "great", 2011-12-06T23:49:00.082Z
8047, "Mahama Johnson", "Faye", 1511833100682, "LOL", 2011-12-06T23:48:12.748Z
17592186053218, "John", "Wilson", 1511833045738, "About Maximilian I, Holy Roman Emperor, y to Rome always being too risAbout Genghis Khan, erted into that of a bloodthirAbout Charlie Chaplin, ew ", 2011-12-06T23:48:03.227Z
8796093030376, "Alexandru", "Barbu", 1511829524335, "About Galileo Galilei, h the church, and expands into the greater, oAbout The Court of t", 2011-12-06T23:45:44.565Z
4398046516196, "Aleksej", "Linchuk", 1511834824640, "cool", 2011-12-06T23:44:59.799Z
6597069776660, "Binh", "Nguyen", 1511828861949, "cool", 2011-12-06T23:42:39.939Z
17592186049473, "Jean-Pierre", "Kanam", 1511830881221, "About George Gershwin, eorge Gershwin (SepAbout B.B. King, ocalist, and fam", 2011-12-06T23:42:31.039Z
555, "Chen", "Yang", 1511831212302, "right", 2011-12-06T23:41:44.339Z
24189255818723, "K.", "Sharma", 1511829651262, "cool", 2011-12-06T23:38:16.848Z
4695, "Jose", "Santos", 1511829345809, "roflol", 2011-12-06T23:35:42.584Z

real	0m6.119s
user	0m1.177s
sys	0m0.215s
personId, personFirstName, personLastName, messageId, messageContent, messageCreationDate
6597069776731, "Sven", "Carlsson", 1511830753701, "no", 2011-12-06T23:59:46.603Z
15393162798801, "Jorge", "Rodriguez", 1511834824644, "About Leonard Cohen, was subsequently reAbout Mustafa Kemal Atatürk, c, an", 2011-12-06T23:57:11.195Z
19791209303491, "George", "Nagy", 1511830615171, "no way!", 2011-12-06T23:56:40.873Z
6597069770520, "Hans", "Larsson", 1511829484942, "About Slovakia, o the south. The largest city About Henry III of England, 77), George I", 2011-12-06T23:56:26.797Z
2199023260376, "Henry", "Stewart", 1511829820007, "roflol", 2011-12-06T23:55:29.294Z
4398046517791, "Deepak", "Sharma", 1511828796796, "About Augustine of Hippo, atron of the Augustinian religious order; About Randy New", 2011-12-06T23:54:24.473Z
19791209306736, "David", "Hleb", 1511829524285, "About Pierre Trudeau, e PrairiAbout Winston Churchill, the resiAbout Jerry Lee Lew", 2011-12-06T23:54:13.044Z
8796093027714, "Abdullah", "Tekin", 1511828811441, "About Charles de Gaulle, rench Forces witAbout Mohammad Reza Pahlavi, t notable of whiAbou", 2011-12-06T23:52:58.860Z
13194139533433, "Taras", "Kofler", 1511828811431, "About Franz Liszt, and teacherAbout Chiang Kai-shek, resumed. ThAbout Al Gr", 2011-12-06T23:51:04.470Z
2530, "Aleksei", "Popov", 1511830618942, "great", 2011-12-06T23:49:26.190Z
19791209302403, "Bibit", "Balawan", 1511833690286, "great", 2011-12-06T23:49:00.082Z
8047, "Mahama Johnson", "Faye", 1511833100682, "LOL", 2011-12-06T23:48:12.748Z
17592186053218, "John", "Wilson", 1511833045738, "About Maximilian I, Holy Roman Emperor, y to Rome always being too risAbout Genghis Khan, erted into that of a bloodthirAbout Charlie Chaplin, ew ", 2011-12-06T23:48:03.227Z
8796093030376, "Alexandru", "Barbu", 1511829524335, "About Galileo Galilei, h the church, and expands into the greater, oAbout The Court of t", 2011-12-06T23:45:44.565Z
4398046516196, "Aleksej", "Linchuk", 1511834824640, "cool", 2011-12-06T23:44:59.799Z
6597069776660, "Binh", "Nguyen", 1511828861949, "cool", 2011-12-06T23:42:39.939Z
17592186049473, "Jean-Pierre", "Kanam", 1511830881221, "About George Gershwin, eorge Gershwin (SepAbout B.B. King, ocalist, and fam", 2011-12-06T23:42:31.039Z
555, "Chen", "Yang", 1511831212302, "right", 2011-12-06T23:41:44.339Z
24189255818723, "K.", "Sharma", 1511829651262, "cool", 2011-12-06T23:38:16.848Z
4695, "Jose", "Santos", 1511829345809, "roflol", 2011-12-06T23:35:42.584Z

real	0m6.115s
user	0m1.223s
sys	0m0.196s
personId, personFirstName, personLastName, messageId, messageContent, messageCreationDate
6597069776731, "Sven", "Carlsson", 1511830753701, "no", 2011-12-06T23:59:46.603Z
15393162798801, "Jorge", "Rodriguez", 1511834824644, "About Leonard Cohen, was subsequently reAbout Mustafa Kemal Atatürk, c, an", 2011-12-06T23:57:11.195Z
19791209303491, "George", "Nagy", 1511830615171, "no way!", 2011-12-06T23:56:40.873Z
6597069770520, "Hans", "Larsson", 1511829484942, "About Slovakia, o the south. The largest city About Henry III of England, 77), George I", 2011-12-06T23:56:26.797Z
2199023260376, "Henry", "Stewart", 1511829820007, "roflol", 2011-12-06T23:55:29.294Z
4398046517791, "Deepak", "Sharma", 1511828796796, "About Augustine of Hippo, atron of the Augustinian religious order; About Randy New", 2011-12-06T23:54:24.473Z
19791209306736, "David", "Hleb", 1511829524285, "About Pierre Trudeau, e PrairiAbout Winston Churchill, the resiAbout Jerry Lee Lew", 2011-12-06T23:54:13.044Z
8796093027714, "Abdullah", "Tekin", 1511828811441, "About Charles de Gaulle, rench Forces witAbout Mohammad Reza Pahlavi, t notable of whiAbou", 2011-12-06T23:52:58.860Z
13194139533433, "Taras", "Kofler", 1511828811431, "About Franz Liszt, and teacherAbout Chiang Kai-shek, resumed. ThAbout Al Gr", 2011-12-06T23:51:04.470Z
2530, "Aleksei", "Popov", 1511830618942, "great", 2011-12-06T23:49:26.190Z
19791209302403, "Bibit", "Balawan", 1511833690286, "great", 2011-12-06T23:49:00.082Z
8047, "Mahama Johnson", "Faye", 1511833100682, "LOL", 2011-12-06T23:48:12.748Z
17592186053218, "John", "Wilson", 1511833045738, "About Maximilian I, Holy Roman Emperor, y to Rome always being too risAbout Genghis Khan, erted into that of a bloodthirAbout Charlie Chaplin, ew ", 2011-12-06T23:48:03.227Z
8796093030376, "Alexandru", "Barbu", 1511829524335, "About Galileo Galilei, h the church, and expands into the greater, oAbout The Court of t", 2011-12-06T23:45:44.565Z
4398046516196, "Aleksej", "Linchuk", 1511834824640, "cool", 2011-12-06T23:44:59.799Z
6597069776660, "Binh", "Nguyen", 1511828861949, "cool", 2011-12-06T23:42:39.939Z
17592186049473, "Jean-Pierre", "Kanam", 1511830881221, "About George Gershwin, eorge Gershwin (SepAbout B.B. King, ocalist, and fam", 2011-12-06T23:42:31.039Z
555, "Chen", "Yang", 1511831212302, "right", 2011-12-06T23:41:44.339Z
24189255818723, "K.", "Sharma", 1511829651262, "cool", 2011-12-06T23:38:16.848Z
4695, "Jose", "Santos", 1511829345809, "roflol", 2011-12-06T23:35:42.584Z

real	0m6.107s
user	0m1.255s
sys	0m0.138s
personId, personFirstName, personLastName, messageId, messageContent, messageCreationDate
6597069776731, "Sven", "Carlsson", 1511830753701, "no", 2011-12-06T23:59:46.603Z
15393162798801, "Jorge", "Rodriguez", 1511834824644, "About Leonard Cohen, was subsequently reAbout Mustafa Kemal Atatürk, c, an", 2011-12-06T23:57:11.195Z
19791209303491, "George", "Nagy", 1511830615171, "no way!", 2011-12-06T23:56:40.873Z
6597069770520, "Hans", "Larsson", 1511829484942, "About Slovakia, o the south. The largest city About Henry III of England, 77), George I", 2011-12-06T23:56:26.797Z
2199023260376, "Henry", "Stewart", 1511829820007, "roflol", 2011-12-06T23:55:29.294Z
4398046517791, "Deepak", "Sharma", 1511828796796, "About Augustine of Hippo, atron of the Augustinian religious order; About Randy New", 2011-12-06T23:54:24.473Z
19791209306736, "David", "Hleb", 1511829524285, "About Pierre Trudeau, e PrairiAbout Winston Churchill, the resiAbout Jerry Lee Lew", 2011-12-06T23:54:13.044Z
8796093027714, "Abdullah", "Tekin", 1511828811441, "About Charles de Gaulle, rench Forces witAbout Mohammad Reza Pahlavi, t notable of whiAbou", 2011-12-06T23:52:58.860Z
13194139533433, "Taras", "Kofler", 1511828811431, "About Franz Liszt, and teacherAbout Chiang Kai-shek, resumed. ThAbout Al Gr", 2011-12-06T23:51:04.470Z
2530, "Aleksei", "Popov", 1511830618942, "great", 2011-12-06T23:49:26.190Z
19791209302403, "Bibit", "Balawan", 1511833690286, "great", 2011-12-06T23:49:00.082Z
8047, "Mahama Johnson", "Faye", 1511833100682, "LOL", 2011-12-06T23:48:12.748Z
17592186053218, "John", "Wilson", 1511833045738, "About Maximilian I, Holy Roman Emperor, y to Rome always being too risAbout Genghis Khan, erted into that of a bloodthirAbout Charlie Chaplin, ew ", 2011-12-06T23:48:03.227Z
8796093030376, "Alexandru", "Barbu", 1511829524335, "About Galileo Galilei, h the church, and expands into the greater, oAbout The Court of t", 2011-12-06T23:45:44.565Z
4398046516196, "Aleksej", "Linchuk", 1511834824640, "cool", 2011-12-06T23:44:59.799Z
6597069776660, "Binh", "Nguyen", 1511828861949, "cool", 2011-12-06T23:42:39.939Z
17592186049473, "Jean-Pierre", "Kanam", 1511830881221, "About George Gershwin, eorge Gershwin (SepAbout B.B. King, ocalist, and fam", 2011-12-06T23:42:31.039Z
555, "Chen", "Yang", 1511831212302, "right", 2011-12-06T23:41:44.339Z
24189255818723, "K.", "Sharma", 1511829651262, "cool", 2011-12-06T23:38:16.848Z
4695, "Jose", "Santos", 1511829345809, "roflol", 2011-12-06T23:35:42.584Z

real	0m6.076s
user	0m1.238s
sys	0m0.149s
personId, personFirstName, personLastName, messageId, messageContent, messageCreationDate
6597069776731, "Sven", "Carlsson", 1511830753701, "no", 2011-12-06T23:59:46.603Z
15393162798801, "Jorge", "Rodriguez", 1511834824644, "About Leonard Cohen, was subsequently reAbout Mustafa Kemal Atatürk, c, an", 2011-12-06T23:57:11.195Z
19791209303491, "George", "Nagy", 1511830615171, "no way!", 2011-12-06T23:56:40.873Z
6597069770520, "Hans", "Larsson", 1511829484942, "About Slovakia, o the south. The largest city About Henry III of England, 77), George I", 2011-12-06T23:56:26.797Z
2199023260376, "Henry", "Stewart", 1511829820007, "roflol", 2011-12-06T23:55:29.294Z
4398046517791, "Deepak", "Sharma", 1511828796796, "About Augustine of Hippo, atron of the Augustinian religious order; About Randy New", 2011-12-06T23:54:24.473Z
19791209306736, "David", "Hleb", 1511829524285, "About Pierre Trudeau, e PrairiAbout Winston Churchill, the resiAbout Jerry Lee Lew", 2011-12-06T23:54:13.044Z
8796093027714, "Abdullah", "Tekin", 1511828811441, "About Charles de Gaulle, rench Forces witAbout Mohammad Reza Pahlavi, t notable of whiAbou", 2011-12-06T23:52:58.860Z
13194139533433, "Taras", "Kofler", 1511828811431, "About Franz Liszt, and teacherAbout Chiang Kai-shek, resumed. ThAbout Al Gr", 2011-12-06T23:51:04.470Z
2530, "Aleksei", "Popov", 1511830618942, "great", 2011-12-06T23:49:26.190Z
19791209302403, "Bibit", "Balawan", 1511833690286, "great", 2011-12-06T23:49:00.082Z
8047, "Mahama Johnson", "Faye", 1511833100682, "LOL", 2011-12-06T23:48:12.748Z
17592186053218, "John", "Wilson", 1511833045738, "About Maximilian I, Holy Roman Emperor, y to Rome always being too risAbout Genghis Khan, erted into that of a bloodthirAbout Charlie Chaplin, ew ", 2011-12-06T23:48:03.227Z
8796093030376, "Alexandru", "Barbu", 1511829524335, "About Galileo Galilei, h the church, and expands into the greater, oAbout The Court of t", 2011-12-06T23:45:44.565Z
4398046516196, "Aleksej", "Linchuk", 1511834824640, "cool", 2011-12-06T23:44:59.799Z
6597069776660, "Binh", "Nguyen", 1511828861949, "cool", 2011-12-06T23:42:39.939Z
17592186049473, "Jean-Pierre", "Kanam", 1511830881221, "About George Gershwin, eorge Gershwin (SepAbout B.B. King, ocalist, and fam", 2011-12-06T23:42:31.039Z
555, "Chen", "Yang", 1511831212302, "right", 2011-12-06T23:41:44.339Z
24189255818723, "K.", "Sharma", 1511829651262, "cool", 2011-12-06T23:38:16.848Z
4695, "Jose", "Santos", 1511829345809, "roflol", 2011-12-06T23:35:42.584Z

real	0m6.064s
user	0m1.248s
sys	0m0.153s
personId, personFirstName, personLastName, organizationName, organizationWorkFromYear
6597069767125, "Eve-Mary Thai", "Pham", "Lao_Airlines", 2002
28587302330691, "Atef", "Hafez", "Lao_Airlines", 2002
5869, "Cy", "Vorachith", "Lao_Airlines", 2004
8796093022909, "Mee", "Vang", "Lao_Air", 2005
10995116285549, "Jetsada", "Charoenpura", "Lao_Airlines", 2005
24189255815555, "A.", "Anwar", "Lao_Airlines", 2006
2199023266276, "Ben", "Li", "Lao_Air", 2007
8796093027636, "Pao", "Sysavanh", "Lao_Airlines", 2007
1259, "Mee", "Vongvichit", "Lao_Air", 2008
2199023258003, "Ali", "Achiou", "Lao_Air", 2009

real	0m1.036s
user	0m1.186s
sys	0m0.189s
personId, personFirstName, personLastName, organizationName, organizationWorkFromYear
6597069767125, "Eve-Mary Thai", "Pham", "Lao_Airlines", 2002
28587302330691, "Atef", "Hafez", "Lao_Airlines", 2002
5869, "Cy", "Vorachith", "Lao_Airlines", 2004
8796093022909, "Mee", "Vang", "Lao_Air", 2005
10995116285549, "Jetsada", "Charoenpura", "Lao_Airlines", 2005
24189255815555, "A.", "Anwar", "Lao_Airlines", 2006
2199023266276, "Ben", "Li", "Lao_Air", 2007
8796093027636, "Pao", "Sysavanh", "Lao_Airlines", 2007
1259, "Mee", "Vongvichit", "Lao_Air", 2008
2199023258003, "Ali", "Achiou", "Lao_Air", 2009

real	0m1.048s
user	0m1.272s
sys	0m0.131s
personId, personFirstName, personLastName, organizationName, organizationWorkFromYear
6597069767125, "Eve-Mary Thai", "Pham", "Lao_Airlines", 2002
28587302330691, "Atef", "Hafez", "Lao_Airlines", 2002
5869, "Cy", "Vorachith", "Lao_Airlines", 2004
8796093022909, "Mee", "Vang", "Lao_Air", 2005
10995116285549, "Jetsada", "Charoenpura", "Lao_Airlines", 2005
24189255815555, "A.", "Anwar", "Lao_Airlines", 2006
2199023266276, "Ben", "Li", "Lao_Air", 2007
8796093027636, "Pao", "Sysavanh", "Lao_Airlines", 2007
1259, "Mee", "Vongvichit", "Lao_Air", 2008
2199023258003, "Ali", "Achiou", "Lao_Air", 2009

real	0m1.057s
user	0m1.210s
sys	0m0.150s
personId, personFirstName, personLastName, organizationName, organizationWorkFromYear
6597069767125, "Eve-Mary Thai", "Pham", "Lao_Airlines", 2002
28587302330691, "Atef", "Hafez", "Lao_Airlines", 2002
5869, "Cy", "Vorachith", "Lao_Airlines", 2004
8796093022909, "Mee", "Vang", "Lao_Air", 2005
10995116285549, "Jetsada", "Charoenpura", "Lao_Airlines", 2005
24189255815555, "A.", "Anwar", "Lao_Airlines", 2006
2199023266276, "Ben", "Li", "Lao_Air", 2007
8796093027636, "Pao", "Sysavanh", "Lao_Airlines", 2007
1259, "Mee", "Vongvichit", "Lao_Air", 2008
2199023258003, "Ali", "Achiou", "Lao_Air", 2009

real	0m1.024s
user	0m1.241s
sys	0m0.137s
personId, personFirstName, personLastName, organizationName, organizationWorkFromYear
6597069767125, "Eve-Mary Thai", "Pham", "Lao_Airlines", 2002
28587302330691, "Atef", "Hafez", "Lao_Airlines", 2002
5869, "Cy", "Vorachith", "Lao_Airlines", 2004
8796093022909, "Mee", "Vang", "Lao_Air", 2005
10995116285549, "Jetsada", "Charoenpura", "Lao_Airlines", 2005
24189255815555, "A.", "Anwar", "Lao_Airlines", 2006
2199023266276, "Ben", "Li", "Lao_Air", 2007
8796093027636, "Pao", "Sysavanh", "Lao_Airlines", 2007
1259, "Mee", "Vongvichit", "Lao_Air", 2008
2199023258003, "Ali", "Achiou", "Lao_Air", 2009

real	0m1.028s
user	0m1.176s
sys	0m0.205s
