personId, personFirstName, personLastName, xCount, yCount, count
2199023315628, "Jun", "Li", 2, 2, 4
13194139581724, "Victor", "Hassan", 1, 3, 4
15393162826166, "Mohamed", "Ali", 2, 2, 4
42321, "Jun", "Zhao", 1, 2, 3
2199023286739, "Michael", "Watson", 2, 1, 3
6597069780295, "Djibril Diop", "Dia", 2, 1, 3
6597069832968, "Alberto", "Nascimento", 1, 2, 3
15393162855740, "Ali", "Abderrahmane", 2, 1, 3
38518, "Cesar", "Loan", 1, 1, 2
51934, "Carl", "Nilsson", 1, 1, 2
65115, "György", "Nagy", 1, 1, 2
2199023260408, "Hao", "Zhang", 1, 1, 2
2199023277174, "Steve", "Smith", 1, 1, 2
2199023300926, "Paul", "Lee", 1, 1, 2
2199023301160, "Joseph", "Nair", 1, 1, 2
2199023323802, "Batong", "Boutteville", 1, 1, 2
4398046534296, "Chuon", "Dany", 1, 1, 2
4398046548319, "Cedric", "Billong", 1, 1, 2
10995116308752, "Akira", "Ito", 1, 1, 2
10995116338357, "Mick", "Murphy", 1, 1, 2

real	0m8.616s
user	0m1.264s
sys	0m0.145s
personId, personFirstName, personLastName, xCount, yCount, count
2199023315628, "Jun", "Li", 2, 2, 4
13194139581724, "Victor", "Hassan", 1, 3, 4
15393162826166, "Mohamed", "Ali", 2, 2, 4
42321, "Jun", "Zhao", 1, 2, 3
2199023286739, "Michael", "Watson", 2, 1, 3
6597069780295, "Djibril Diop", "Dia", 2, 1, 3
6597069832968, "Alberto", "Nascimento", 1, 2, 3
15393162855740, "Ali", "Abderrahmane", 2, 1, 3
38518, "Cesar", "Loan", 1, 1, 2
51934, "Carl", "Nilsson", 1, 1, 2
65115, "György", "Nagy", 1, 1, 2
2199023260408, "Hao", "Zhang", 1, 1, 2
2199023277174, "Steve", "Smith", 1, 1, 2
2199023300926, "Paul", "Lee", 1, 1, 2
2199023301160, "Joseph", "Nair", 1, 1, 2
2199023323802, "Batong", "Boutteville", 1, 1, 2
4398046534296, "Chuon", "Dany", 1, 1, 2
4398046548319, "Cedric", "Billong", 1, 1, 2
10995116308752, "Akira", "Ito", 1, 1, 2
10995116338357, "Mick", "Murphy", 1, 1, 2

real	0m8.449s
user	0m1.195s
sys	0m0.198s
personId, personFirstName, personLastName, xCount, yCount, count
2199023315628, "Jun", "Li", 2, 2, 4
13194139581724, "Victor", "Hassan", 1, 3, 4
15393162826166, "Mohamed", "Ali", 2, 2, 4
42321, "Jun", "Zhao", 1, 2, 3
2199023286739, "Michael", "Watson", 2, 1, 3
6597069780295, "Djibril Diop", "Dia", 2, 1, 3
6597069832968, "Alberto", "Nascimento", 1, 2, 3
15393162855740, "Ali", "Abderrahmane", 2, 1, 3
38518, "Cesar", "Loan", 1, 1, 2
51934, "Carl", "Nilsson", 1, 1, 2
65115, "György", "Nagy", 1, 1, 2
2199023260408, "Hao", "Zhang", 1, 1, 2
2199023277174, "Steve", "Smith", 1, 1, 2
2199023300926, "Paul", "Lee", 1, 1, 2
2199023301160, "Joseph", "Nair", 1, 1, 2
2199023323802, "Batong", "Boutteville", 1, 1, 2
4398046534296, "Chuon", "Dany", 1, 1, 2
4398046548319, "Cedric", "Billong", 1, 1, 2
10995116308752, "Akira", "Ito", 1, 1, 2
10995116338357, "Mick", "Murphy", 1, 1, 2

real	0m8.349s
user	0m1.253s
sys	0m0.145s
personId, personFirstName, personLastName, xCount, yCount, count
2199023315628, "Jun", "Li", 2, 2, 4
13194139581724, "Victor", "Hassan", 1, 3, 4
15393162826166, "Mohamed", "Ali", 2, 2, 4
42321, "Jun", "Zhao", 1, 2, 3
2199023286739, "Michael", "Watson", 2, 1, 3
6597069780295, "Djibril Diop", "Dia", 2, 1, 3
6597069832968, "Alberto", "Nascimento", 1, 2, 3
15393162855740, "Ali", "Abderrahmane", 2, 1, 3
38518, "Cesar", "Loan", 1, 1, 2
51934, "Carl", "Nilsson", 1, 1, 2
65115, "György", "Nagy", 1, 1, 2
2199023260408, "Hao", "Zhang", 1, 1, 2
2199023277174, "Steve", "Smith", 1, 1, 2
2199023300926, "Paul", "Lee", 1, 1, 2
2199023301160, "Joseph", "Nair", 1, 1, 2
2199023323802, "Batong", "Boutteville", 1, 1, 2
4398046534296, "Chuon", "Dany", 1, 1, 2
4398046548319, "Cedric", "Billong", 1, 1, 2
10995116308752, "Akira", "Ito", 1, 1, 2
10995116338357, "Mick", "Murphy", 1, 1, 2

real	0m8.362s
user	0m1.213s
sys	0m0.181s
personId, personFirstName, personLastName, xCount, yCount, count
2199023315628, "Jun", "Li", 2, 2, 4
13194139581724, "Victor", "Hassan", 1, 3, 4
15393162826166, "Mohamed", "Ali", 2, 2, 4
42321, "Jun", "Zhao", 1, 2, 3
2199023286739, "Michael", "Watson", 2, 1, 3
6597069780295, "Djibril Diop", "Dia", 2, 1, 3
6597069832968, "Alberto", "Nascimento", 1, 2, 3
15393162855740, "Ali", "Abderrahmane", 2, 1, 3
38518, "Cesar", "Loan", 1, 1, 2
51934, "Carl", "Nilsson", 1, 1, 2
65115, "György", "Nagy", 1, 1, 2
2199023260408, "Hao", "Zhang", 1, 1, 2
2199023277174, "Steve", "Smith", 1, 1, 2
2199023300926, "Paul", "Lee", 1, 1, 2
2199023301160, "Joseph", "Nair", 1, 1, 2
2199023323802, "Batong", "Boutteville", 1, 1, 2
4398046534296, "Chuon", "Dany", 1, 1, 2
4398046548319, "Cedric", "Billong", 1, 1, 2
10995116308752, "Akira", "Ito", 1, 1, 2
10995116338357, "Mick", "Murphy", 1, 1, 2

real	0m8.444s
user	0m1.224s
sys	0m0.206s
forumTitle, postCount
"Group for Charlemagne in Shantou", 1
"Group for Mobutu_Sese_Seko in Kurukshetra", 1
"Group for Mircea_Eliade in Kandivali", 1
"Group for Zachary_Taylor in Galați", 1
"Group for Alexander_Hamilton in Dnipropetrovsk", 1
"Group for Ezra_Pound in Kerala", 1
"Group for Bertrand_Russell in Stuttgart", 1
"Group for Andy_Roddick in Buea", 1
"Group for William_Tecumseh_Sherman in Kisangani", 1
"Group for Pádraig_Harrington in Sana'a", 1
"Group for Elvis_Presley in Botou", 1
"Group for Ashoka in Pretoria", 1
"Group for David_Foster in Nanchang", 1
"Group for Muammar_Gaddafi in Hanover", 1
"Group for Thomas_Edison in Santa_Maria", 1
"Group for Éamon_de_Valera in Topi", 1
"Group for A_Different_Corner in Salvador", 1
"Wall of Bea Reyes", 0
"Album 33 of Jie Wang", 0
"Album 0 of Andriy Kofler", 0

real	0m18.100s
user	0m1.224s
sys	0m0.167s
forumTitle, postCount
"Group for Charlemagne in Shantou", 1
"Group for Mobutu_Sese_Seko in Kurukshetra", 1
"Group for Mircea_Eliade in Kandivali", 1
"Group for Zachary_Taylor in Galați", 1
"Group for Alexander_Hamilton in Dnipropetrovsk", 1
"Group for Ezra_Pound in Kerala", 1
"Group for Bertrand_Russell in Stuttgart", 1
"Group for Andy_Roddick in Buea", 1
"Group for William_Tecumseh_Sherman in Kisangani", 1
"Group for Pádraig_Harrington in Sana'a", 1
"Group for Elvis_Presley in Botou", 1
"Group for Ashoka in Pretoria", 1
"Group for David_Foster in Nanchang", 1
"Group for Muammar_Gaddafi in Hanover", 1
"Group for Thomas_Edison in Santa_Maria", 1
"Group for Éamon_de_Valera in Topi", 1
"Group for A_Different_Corner in Salvador", 1
"Wall of Bea Reyes", 0
"Album 33 of Jie Wang", 0
"Album 0 of Andriy Kofler", 0

real	0m18.008s
user	0m1.282s
sys	0m0.125s
forumTitle, postCount
"Group for Charlemagne in Shantou", 1
"Group for Mobutu_Sese_Seko in Kurukshetra", 1
"Group for Mircea_Eliade in Kandivali", 1
"Group for Zachary_Taylor in Galați", 1
"Group for Alexander_Hamilton in Dnipropetrovsk", 1
"Group for Ezra_Pound in Kerala", 1
"Group for Bertrand_Russell in Stuttgart", 1
"Group for Andy_Roddick in Buea", 1
"Group for William_Tecumseh_Sherman in Kisangani", 1
"Group for Pádraig_Harrington in Sana'a", 1
"Group for Elvis_Presley in Botou", 1
"Group for Ashoka in Pretoria", 1
"Group for David_Foster in Nanchang", 1
"Group for Muammar_Gaddafi in Hanover", 1
"Group for Thomas_Edison in Santa_Maria", 1
"Group for Éamon_de_Valera in Topi", 1
"Group for A_Different_Corner in Salvador", 1
"Wall of Bea Reyes", 0
"Album 33 of Jie Wang", 0
"Album 0 of Andriy Kofler", 0

real	0m18.004s
user	0m1.259s
sys	0m0.145s
forumTitle, postCount
"Group for Charlemagne in Shantou", 1
"Group for Mobutu_Sese_Seko in Kurukshetra", 1
"Group for Mircea_Eliade in Kandivali", 1
"Group for Zachary_Taylor in Galați", 1
"Group for Alexander_Hamilton in Dnipropetrovsk", 1
"Group for Ezra_Pound in Kerala", 1
"Group for Bertrand_Russell in Stuttgart", 1
"Group for Andy_Roddick in Buea", 1
"Group for William_Tecumseh_Sherman in Kisangani", 1
"Group for Pádraig_Harrington in Sana'a", 1
"Group for Elvis_Presley in Botou", 1
"Group for Ashoka in Pretoria", 1
"Group for David_Foster in Nanchang", 1
"Group for Muammar_Gaddafi in Hanover", 1
"Group for Thomas_Edison in Santa_Maria", 1
"Group for Éamon_de_Valera in Topi", 1
"Group for A_Different_Corner in Salvador", 1
"Wall of Bea Reyes", 0
"Album 33 of Jie Wang", 0
"Album 0 of Andriy Kofler", 0

real	0m17.932s
user	0m1.220s
sys	0m0.163s
forumTitle, postCount
"Group for Charlemagne in Shantou", 1
"Group for Mobutu_Sese_Seko in Kurukshetra", 1
"Group for Mircea_Eliade in Kandivali", 1
"Group for Zachary_Taylor in Galați", 1
"Group for Alexander_Hamilton in Dnipropetrovsk", 1
"Group for Ezra_Pound in Kerala", 1
"Group for Bertrand_Russell in Stuttgart", 1
"Group for Andy_Roddick in Buea", 1
"Group for William_Tecumseh_Sherman in Kisangani", 1
"Group for Pádraig_Harrington in Sana'a", 1
"Group for Elvis_Presley in Botou", 1
"Group for Ashoka in Pretoria", 1
"Group for David_Foster in Nanchang", 1
"Group for Muammar_Gaddafi in Hanover", 1
"Group for Thomas_Edison in Santa_Maria", 1
"Group for Éamon_de_Valera in Topi", 1
"Group for A_Different_Corner in Salvador", 1
"Wall of Bea Reyes", 0
"Album 33 of Jie Wang", 0
"Album 0 of Andriy Kofler", 0

real	0m17.942s
user	0m1.203s
sys	0m0.203s
tagName, postCount
"Tom_Gehrels", 66
"Muammar_Gaddafi", 26
"Mariano_Rivera", 22
"Sammy_Sosa", 19
"Imelda_Marcos", 16
"Joe_Strummer", 13
"John_Rhys-Davies", 13
"Robert_Fripp", 13
"Paradorn_Srichaphan", 12
"Peter_Hain", 12

real	0m37.639s
user	0m1.189s
sys	0m0.208s
tagName, postCount
"Tom_Gehrels", 66
"Muammar_Gaddafi", 26
"Mariano_Rivera", 22
"Sammy_Sosa", 19
"Imelda_Marcos", 16
"Joe_Strummer", 13
"John_Rhys-Davies", 13
"Robert_Fripp", 13
"Paradorn_Srichaphan", 12
"Peter_Hain", 12

real	0m37.577s
user	0m1.278s
sys	0m0.127s
tagName, postCount
"Tom_Gehrels", 66
"Muammar_Gaddafi", 26
"Mariano_Rivera", 22
"Sammy_Sosa", 19
"Imelda_Marcos", 16
"Joe_Strummer", 13
"John_Rhys-Davies", 13
"Robert_Fripp", 13
"Paradorn_Srichaphan", 12
"Peter_Hain", 12

real	0m37.585s
user	0m1.264s
sys	0m0.148s
tagName, postCount
"Tom_Gehrels", 66
"Muammar_Gaddafi", 26
"Mariano_Rivera", 22
"Sammy_Sosa", 19
"Imelda_Marcos", 16
"Joe_Strummer", 13
"John_Rhys-Davies", 13
"Robert_Fripp", 13
"Paradorn_Srichaphan", 12
"Peter_Hain", 12

real	0m37.304s
user	0m1.276s
sys	0m0.148s
tagName, postCount
"Tom_Gehrels", 66
"Muammar_Gaddafi", 26
"Mariano_Rivera", 22
"Sammy_Sosa", 19
"Imelda_Marcos", 16
"Joe_Strummer", 13
"John_Rhys-Davies", 13
"Robert_Fripp", 13
"Paradorn_Srichaphan", 12
"Peter_Hain", 12

real	0m38.048s
user	0m1.250s
sys	0m0.161s
personId, personFirstName, personLastName, messageId, messageContent, messageCreationDate
4398046529417, "Ivan", "Ivanov", 6047328819036, "maybe", 2011-12-06T23:59:53.906Z
19791209334798, "Juliana", "Santos", 6047324874704, "duh", 2011-12-06T23:59:42.007Z
6597069798327, "Mohamed", "Hassan", 6047341197205, "fine", 2011-12-06T23:59:37.810Z
17592186074074, "Hichem", "Bhiari", 6047353115252, "About El Salvador, , and the countries of Guatemala to the north and Honduras ", 2011-12-06T23:59:33.340Z
17592186114420, "Jie", "Li", 6047326888711, "About Southern Rhodesia, until its extinction in 1980, it was known as Rhodesia. S", 2011-12-06T23:59:12.542Z
10995116326841, "Samir", "Akef", 6047339851605, "About Revolution 9,  performances, some of which were reversed. These were further manipulated", 2011-12-06T23:59:09.916Z
8796093032138, "Arjun", "Sharma", 6047353930375, "photo6047353930375.jpg", 2011-12-06T23:58:46.667Z
8796093032138, "Arjun", "Sharma", 6047353930374, "photo6047353930374.jpg", 2011-12-06T23:58:45.667Z
8796093032138, "Arjun", "Sharma", 6047353930373, "photo6047353930373.jpg", 2011-12-06T23:58:44.667Z
19791209344468, "Dhafer", "Crisa", 6047353115250, "About Ernest Hemingway, om the Bell Tolls. Martha Gellhorn became his third wife in 1940. They separated when he ", 2011-12-06T23:58:37.765Z
8796093076570, "Rico", "Cajes", 6047328107275, "no", 2011-12-06T23:58:06.078Z
6597069771840, "Franz", "Muller", 6047337941947, "fine", 2011-12-06T23:58:02.150Z
6597069801475, "Manuel", "Abascal", 6047333492015, "ok", 2011-12-06T23:57:04.416Z
10995116299538, "Richard", "Jones", 6047325637970, "good", 2011-12-06T23:56:59.594Z
24189255856978, "Lin", "Li", 6047319185230, "right", 2011-12-06T23:56:52.016Z
6597069795913, "Anastasia", "Golovin", 6047342700240, "photo6047342700240.jpg", 2011-12-06T23:56:46.750Z
6597069795913, "Anastasia", "Golovin", 6047342700239, "photo6047342700239.jpg", 2011-12-06T23:56:45.750Z
6597069795913, "Anastasia", "Golovin", 6047342700238, "photo6047342700238.jpg", 2011-12-06T23:56:44.750Z
6597069795913, "Anastasia", "Golovin", 6047342700237, "photo6047342700237.jpg", 2011-12-06T23:56:43.750Z
6597069795913, "Anastasia", "Golovin", 6047342700236, "photo6047342700236.jpg", 2011-12-06T23:56:42.750Z

real	0m38.146s
user	0m1.243s
sys	0m0.183s
personId, personFirstName, personLastName, messageId, messageContent, messageCreationDate
4398046529417, "Ivan", "Ivanov", 6047328819036, "maybe", 2011-12-06T23:59:53.906Z
19791209334798, "Juliana", "Santos", 6047324874704, "duh", 2011-12-06T23:59:42.007Z
6597069798327, "Mohamed", "Hassan", 6047341197205, "fine", 2011-12-06T23:59:37.810Z
17592186074074, "Hichem", "Bhiari", 6047353115252, "About El Salvador, , and the countries of Guatemala to the north and Honduras ", 2011-12-06T23:59:33.340Z
17592186114420, "Jie", "Li", 6047326888711, "About Southern Rhodesia, until its extinction in 1980, it was known as Rhodesia. S", 2011-12-06T23:59:12.542Z
10995116326841, "Samir", "Akef", 6047339851605, "About Revolution 9,  performances, some of which were reversed. These were further manipulated", 2011-12-06T23:59:09.916Z
8796093032138, "Arjun", "Sharma", 6047353930375, "photo6047353930375.jpg", 2011-12-06T23:58:46.667Z
8796093032138, "Arjun", "Sharma", 6047353930374, "photo6047353930374.jpg", 2011-12-06T23:58:45.667Z
8796093032138, "Arjun", "Sharma", 6047353930373, "photo6047353930373.jpg", 2011-12-06T23:58:44.667Z
19791209344468, "Dhafer", "Crisa", 6047353115250, "About Ernest Hemingway, om the Bell Tolls. Martha Gellhorn became his third wife in 1940. They separated when he ", 2011-12-06T23:58:37.765Z
8796093076570, "Rico", "Cajes", 6047328107275, "no", 2011-12-06T23:58:06.078Z
6597069771840, "Franz", "Muller", 6047337941947, "fine", 2011-12-06T23:58:02.150Z
6597069801475, "Manuel", "Abascal", 6047333492015, "ok", 2011-12-06T23:57:04.416Z
10995116299538, "Richard", "Jones", 6047325637970, "good", 2011-12-06T23:56:59.594Z
24189255856978, "Lin", "Li", 6047319185230, "right", 2011-12-06T23:56:52.016Z
6597069795913, "Anastasia", "Golovin", 6047342700240, "photo6047342700240.jpg", 2011-12-06T23:56:46.750Z
6597069795913, "Anastasia", "Golovin", 6047342700239, "photo6047342700239.jpg", 2011-12-06T23:56:45.750Z
6597069795913, "Anastasia", "Golovin", 6047342700238, "photo6047342700238.jpg", 2011-12-06T23:56:44.750Z
6597069795913, "Anastasia", "Golovin", 6047342700237, "photo6047342700237.jpg", 2011-12-06T23:56:43.750Z
6597069795913, "Anastasia", "Golovin", 6047342700236, "photo6047342700236.jpg", 2011-12-06T23:56:42.750Z

real	0m38.863s
user	0m1.280s
sys	0m0.160s
personId, personFirstName, personLastName, messageId, messageContent, messageCreationDate
4398046529417, "Ivan", "Ivanov", 6047328819036, "maybe", 2011-12-06T23:59:53.906Z
19791209334798, "Juliana", "Santos", 6047324874704, "duh", 2011-12-06T23:59:42.007Z
6597069798327, "Mohamed", "Hassan", 6047341197205, "fine", 2011-12-06T23:59:37.810Z
17592186074074, "Hichem", "Bhiari", 6047353115252, "About El Salvador, , and the countries of Guatemala to the north and Honduras ", 2011-12-06T23:59:33.340Z
17592186114420, "Jie", "Li", 6047326888711, "About Southern Rhodesia, until its extinction in 1980, it was known as Rhodesia. S", 2011-12-06T23:59:12.542Z
10995116326841, "Samir", "Akef", 6047339851605, "About Revolution 9,  performances, some of which were reversed. These were further manipulated", 2011-12-06T23:59:09.916Z
8796093032138, "Arjun", "Sharma", 6047353930375, "photo6047353930375.jpg", 2011-12-06T23:58:46.667Z
8796093032138, "Arjun", "Sharma", 6047353930374, "photo6047353930374.jpg", 2011-12-06T23:58:45.667Z
8796093032138, "Arjun", "Sharma", 6047353930373, "photo6047353930373.jpg", 2011-12-06T23:58:44.667Z
19791209344468, "Dhafer", "Crisa", 6047353115250, "About Ernest Hemingway, om the Bell Tolls. Martha Gellhorn became his third wife in 1940. They separated when he ", 2011-12-06T23:58:37.765Z
8796093076570, "Rico", "Cajes", 6047328107275, "no", 2011-12-06T23:58:06.078Z
6597069771840, "Franz", "Muller", 6047337941947, "fine", 2011-12-06T23:58:02.150Z
6597069801475, "Manuel", "Abascal", 6047333492015, "ok", 2011-12-06T23:57:04.416Z
10995116299538, "Richard", "Jones", 6047325637970, "good", 2011-12-06T23:56:59.594Z
24189255856978, "Lin", "Li", 6047319185230, "right", 2011-12-06T23:56:52.016Z
6597069795913, "Anastasia", "Golovin", 6047342700240, "photo6047342700240.jpg", 2011-12-06T23:56:46.750Z
6597069795913, "Anastasia", "Golovin", 6047342700239, "photo6047342700239.jpg", 2011-12-06T23:56:45.750Z
6597069795913, "Anastasia", "Golovin", 6047342700238, "photo6047342700238.jpg", 2011-12-06T23:56:44.750Z
6597069795913, "Anastasia", "Golovin", 6047342700237, "photo6047342700237.jpg", 2011-12-06T23:56:43.750Z
6597069795913, "Anastasia", "Golovin", 6047342700236, "photo6047342700236.jpg", 2011-12-06T23:56:42.750Z

real	0m38.567s
user	0m1.264s
sys	0m0.168s
personId, personFirstName, personLastName, messageId, messageContent, messageCreationDate
4398046529417, "Ivan", "Ivanov", 6047328819036, "maybe", 2011-12-06T23:59:53.906Z
19791209334798, "Juliana", "Santos", 6047324874704, "duh", 2011-12-06T23:59:42.007Z
6597069798327, "Mohamed", "Hassan", 6047341197205, "fine", 2011-12-06T23:59:37.810Z
17592186074074, "Hichem", "Bhiari", 6047353115252, "About El Salvador, , and the countries of Guatemala to the north and Honduras ", 2011-12-06T23:59:33.340Z
17592186114420, "Jie", "Li", 6047326888711, "About Southern Rhodesia, until its extinction in 1980, it was known as Rhodesia. S", 2011-12-06T23:59:12.542Z
10995116326841, "Samir", "Akef", 6047339851605, "About Revolution 9,  performances, some of which were reversed. These were further manipulated", 2011-12-06T23:59:09.916Z
8796093032138, "Arjun", "Sharma", 6047353930375, "photo6047353930375.jpg", 2011-12-06T23:58:46.667Z
8796093032138, "Arjun", "Sharma", 6047353930374, "photo6047353930374.jpg", 2011-12-06T23:58:45.667Z
8796093032138, "Arjun", "Sharma", 6047353930373, "photo6047353930373.jpg", 2011-12-06T23:58:44.667Z
19791209344468, "Dhafer", "Crisa", 6047353115250, "About Ernest Hemingway, om the Bell Tolls. Martha Gellhorn became his third wife in 1940. They separated when he ", 2011-12-06T23:58:37.765Z
8796093076570, "Rico", "Cajes", 6047328107275, "no", 2011-12-06T23:58:06.078Z
6597069771840, "Franz", "Muller", 6047337941947, "fine", 2011-12-06T23:58:02.150Z
6597069801475, "Manuel", "Abascal", 6047333492015, "ok", 2011-12-06T23:57:04.416Z
10995116299538, "Richard", "Jones", 6047325637970, "good", 2011-12-06T23:56:59.594Z
24189255856978, "Lin", "Li", 6047319185230, "right", 2011-12-06T23:56:52.016Z
6597069795913, "Anastasia", "Golovin", 6047342700240, "photo6047342700240.jpg", 2011-12-06T23:56:46.750Z
6597069795913, "Anastasia", "Golovin", 6047342700239, "photo6047342700239.jpg", 2011-12-06T23:56:45.750Z
6597069795913, "Anastasia", "Golovin", 6047342700238, "photo6047342700238.jpg", 2011-12-06T23:56:44.750Z
6597069795913, "Anastasia", "Golovin", 6047342700237, "photo6047342700237.jpg", 2011-12-06T23:56:43.750Z
6597069795913, "Anastasia", "Golovin", 6047342700236, "photo6047342700236.jpg", 2011-12-06T23:56:42.750Z

real	0m38.588s
user	0m1.272s
sys	0m0.152s
personId, personFirstName, personLastName, messageId, messageContent, messageCreationDate
4398046529417, "Ivan", "Ivanov", 6047328819036, "maybe", 2011-12-06T23:59:53.906Z
19791209334798, "Juliana", "Santos", 6047324874704, "duh", 2011-12-06T23:59:42.007Z
6597069798327, "Mohamed", "Hassan", 6047341197205, "fine", 2011-12-06T23:59:37.810Z
17592186074074, "Hichem", "Bhiari", 6047353115252, "About El Salvador, , and the countries of Guatemala to the north and Honduras ", 2011-12-06T23:59:33.340Z
17592186114420, "Jie", "Li", 6047326888711, "About Southern Rhodesia, until its extinction in 1980, it was known as Rhodesia. S", 2011-12-06T23:59:12.542Z
10995116326841, "Samir", "Akef", 6047339851605, "About Revolution 9,  performances, some of which were reversed. These were further manipulated", 2011-12-06T23:59:09.916Z
8796093032138, "Arjun", "Sharma", 6047353930375, "photo6047353930375.jpg", 2011-12-06T23:58:46.667Z
8796093032138, "Arjun", "Sharma", 6047353930374, "photo6047353930374.jpg", 2011-12-06T23:58:45.667Z
8796093032138, "Arjun", "Sharma", 6047353930373, "photo6047353930373.jpg", 2011-12-06T23:58:44.667Z
19791209344468, "Dhafer", "Crisa", 6047353115250, "About Ernest Hemingway, om the Bell Tolls. Martha Gellhorn became his third wife in 1940. They separated when he ", 2011-12-06T23:58:37.765Z
8796093076570, "Rico", "Cajes", 6047328107275, "no", 2011-12-06T23:58:06.078Z
6597069771840, "Franz", "Muller", 6047337941947, "fine", 2011-12-06T23:58:02.150Z
6597069801475, "Manuel", "Abascal", 6047333492015, "ok", 2011-12-06T23:57:04.416Z
10995116299538, "Richard", "Jones", 6047325637970, "good", 2011-12-06T23:56:59.594Z
24189255856978, "Lin", "Li", 6047319185230, "right", 2011-12-06T23:56:52.016Z
6597069795913, "Anastasia", "Golovin", 6047342700240, "photo6047342700240.jpg", 2011-12-06T23:56:46.750Z
6597069795913, "Anastasia", "Golovin", 6047342700239, "photo6047342700239.jpg", 2011-12-06T23:56:45.750Z
6597069795913, "Anastasia", "Golovin", 6047342700238, "photo6047342700238.jpg", 2011-12-06T23:56:44.750Z
6597069795913, "Anastasia", "Golovin", 6047342700237, "photo6047342700237.jpg", 2011-12-06T23:56:43.750Z
6597069795913, "Anastasia", "Golovin", 6047342700236, "photo6047342700236.jpg", 2011-12-06T23:56:42.750Z

real	0m38.208s
user	0m1.251s
sys	0m0.175s
personId, personFirstName, personLastName, organizationName, organizationWorkFromYear
33079, "Soth", "Phetrasy", "Lao_Airlines", 2000
28587302381869, "Rahul", "Kapoor", "Lao_Airlines", 2000
33079, "Soth", "Phetrasy", "Lao_Air", 2001
13194139564632, "Bouasone", "Sayasone", "Lao_Air", 2001
17592186056513, "Mee", "Phetrasy", "Lao_Air", 2001
8796093062705, "Pao", "Vongvichit", "Lao_Airlines", 2002
19791209314149, "Fali Sam", "Merton", "Lao_Airlines", 2002
2199023285957, "Chai", "Vang", "Lao_Airlines", 2003
2199023285957, "Chai", "Vang", "Lao_Air", 2003
6597069771931, "Bounnhang", "Moua", "Lao_Airlines", 2003

real	0m1.064s
user	0m1.210s
sys	0m0.190s
personId, personFirstName, personLastName, organizationName, organizationWorkFromYear
33079, "Soth", "Phetrasy", "Lao_Airlines", 2000
28587302381869, "Rahul", "Kapoor", "Lao_Airlines", 2000
33079, "Soth", "Phetrasy", "Lao_Air", 2001
13194139564632, "Bouasone", "Sayasone", "Lao_Air", 2001
17592186056513, "Mee", "Phetrasy", "Lao_Air", 2001
8796093062705, "Pao", "Vongvichit", "Lao_Airlines", 2002
19791209314149, "Fali Sam", "Merton", "Lao_Airlines", 2002
2199023285957, "Chai", "Vang", "Lao_Airlines", 2003
2199023285957, "Chai", "Vang", "Lao_Air", 2003
6597069771931, "Bounnhang", "Moua", "Lao_Airlines", 2003

real	0m1.063s
user	0m1.246s
sys	0m0.149s
personId, personFirstName, personLastName, organizationName, organizationWorkFromYear
33079, "Soth", "Phetrasy", "Lao_Airlines", 2000
28587302381869, "Rahul", "Kapoor", "Lao_Airlines", 2000
33079, "Soth", "Phetrasy", "Lao_Air", 2001
13194139564632, "Bouasone", "Sayasone", "Lao_Air", 2001
17592186056513, "Mee", "Phetrasy", "Lao_Air", 2001
8796093062705, "Pao", "Vongvichit", "Lao_Airlines", 2002
19791209314149, "Fali Sam", "Merton", "Lao_Airlines", 2002
2199023285957, "Chai", "Vang", "Lao_Airlines", 2003
2199023285957, "Chai", "Vang", "Lao_Air", 2003
6597069771931, "Bounnhang", "Moua", "Lao_Airlines", 2003

real	0m1.053s
user	0m1.213s
sys	0m0.165s
personId, personFirstName, personLastName, organizationName, organizationWorkFromYear
33079, "Soth", "Phetrasy", "Lao_Airlines", 2000
28587302381869, "Rahul", "Kapoor", "Lao_Airlines", 2000
33079, "Soth", "Phetrasy", "Lao_Air", 2001
13194139564632, "Bouasone", "Sayasone", "Lao_Air", 2001
17592186056513, "Mee", "Phetrasy", "Lao_Air", 2001
8796093062705, "Pao", "Vongvichit", "Lao_Airlines", 2002
19791209314149, "Fali Sam", "Merton", "Lao_Airlines", 2002
2199023285957, "Chai", "Vang", "Lao_Airlines", 2003
2199023285957, "Chai", "Vang", "Lao_Air", 2003
6597069771931, "Bounnhang", "Moua", "Lao_Airlines", 2003

real	0m1.050s
user	0m1.224s
sys	0m0.162s
personId, personFirstName, personLastName, organizationName, organizationWorkFromYear
33079, "Soth", "Phetrasy", "Lao_Airlines", 2000
28587302381869, "Rahul", "Kapoor", "Lao_Airlines", 2000
33079, "Soth", "Phetrasy", "Lao_Air", 2001
13194139564632, "Bouasone", "Sayasone", "Lao_Air", 2001
17592186056513, "Mee", "Phetrasy", "Lao_Air", 2001
8796093062705, "Pao", "Vongvichit", "Lao_Airlines", 2002
19791209314149, "Fali Sam", "Merton", "Lao_Airlines", 2002
2199023285957, "Chai", "Vang", "Lao_Airlines", 2003
2199023285957, "Chai", "Vang", "Lao_Air", 2003
6597069771931, "Bounnhang", "Moua", "Lao_Airlines", 2003

real	0m1.049s
user	0m1.241s
sys	0m0.144s
