{
  "version": {
    "edition": "enterprise",
    "api": "v2",
    "schema": 1
  },
  "error": false,
  "message": "",
  "results": [
    {
      "T": [
        {
          "a": "Scott",
          "b": "Ed",
          "transfer_total": 21300
        },
        {
          "a": "Steven",
          "b": "Jenny",
          "transfer_total": 8560
        },
        {
          "a": "Jenny",
          "b": "Scott",
          "transfer_total": 1000
        },
        {
          "a": "Paul",
          "b": "Steven",
          "transfer_total": 20000
        },
        {
          "a": "Ed",
          "b": "Paul",
          "transfer_total": 1500
        },
        {
          "a": "Paul",
          "b": "Jenny",
          "transfer_total": 653
        }
      ]
    }
  ]
}
