ic 3
Using graph 'ldbc_snb'
{
  "error": false,
  "message": "",
  "version": {
    "schema": 0,
    "edition": "enterprise",
    "api": "v2"
  },
  "results": [{"S": []}]
}

real	0m1.254s
user	0m0.454s
sys	0m0.082s
Using graph 'ldbc_snb'
{
  "error": false,
  "message": "",
  "version": {
    "schema": 0,
    "edition": "enterprise",
    "api": "v2"
  },
  "results": [{"S": []}]
}

real	0m1.178s
user	0m0.493s
sys	0m0.044s
Using graph 'ldbc_snb'
{
  "error": false,
  "message": "",
  "version": {
    "schema": 0,
    "edition": "enterprise",
    "api": "v2"
  },
  "results": [{"S": []}]
}

real	0m1.187s
user	0m0.464s
sys	0m0.074s
Using graph 'ldbc_snb'
{
  "error": false,
  "message": "",
  "version": {
    "schema": 0,
    "edition": "enterprise",
    "api": "v2"
  },
  "results": [{"S": []}]
}

real	0m1.234s
user	0m0.472s
sys	0m0.071s
Using graph 'ldbc_snb'
{
  "error": false,
  "message": "",
  "version": {
    "schema": 0,
    "edition": "enterprise",
    "api": "v2"
  },
  "results": [{"S": []}]
}

real	0m1.326s
user	0m0.438s
sys	0m0.113s
ic 5
Using graph 'ldbc_snb'
{
  "error": false,
  "message": "",
  "version": {
    "schema": 0,
    "edition": "enterprise",
    "api": "v2"
  },
  "results": [{"F": [
    {
      "v_id": "549761110604",
      "attributes": {
        "forumTitle": "Group for Charlemagne in Shantou",
        "postCount": 1
      },
      "v_type": "Forum"
    },
    {
      "v_id": "1099516966441",
      "attributes": {
        "forumTitle": "Group for Mobutu_Sese_Seko in Kurukshetra",
        "postCount": 1
      },
      "v_type": "Forum"
    },
    {
      "v_id": "1099518006644",
      "attributes": {
        "forumTitle": "Group for Mircea_Eliade in Kandivali",
        "postCount": 1
      },
      "v_type": "Forum"
    },
    {
      "v_id": "2199026487947",
      "attributes": {
        "forumTitle": "Group for Zachary_Taylor in Galați",
        "postCount": 1
      },
      "v_type": "Forum"
    },
    {
      "v_id": "3848291819793",
      "attributes": {
        "forumTitle": "Group for Alexander_Hamilton in Dnipropetrovsk",
        "postCount": 1
      },
      "v_type": "Forum"
    },
    {
      "v_id": "4398048669212",
      "attributes": {
        "forumTitle": "Group for Ezra_Pound in Kerala",
        "postCount": 1
      },
      "v_type": "Forum"
    },
    {
      "v_id": "4947806538174",
      "attributes": {
        "forumTitle": "Group for Bertrand_Russell in Stuttgart",
        "postCount": 1
      },
      "v_type": "Forum"
    },
    {
      "v_id": "5497560263439",
      "attributes": {
        "forumTitle": "Group for Andy_Roddick in Buea",
        "postCount": 1
      },
      "v_type": "Forum"
    },
    {
      "v_id": "6047317144633",
      "attributes": {
        "forumTitle": "Group for William_Tecumseh_Sherman in Kisangani",
        "postCount": 1
      },
      "v_type": "Forum"
    },
    {
      "v_id": "6047318167147",
      "attributes": {
        "forumTitle": "Group for Pádraig_Harrington in Sana'a",
        "postCount": 1
      },
      "v_type": "Forum"
    },
    {
      "v_id": "6047318224443",
      "attributes": {
        "forumTitle": "Group for Elvis_Presley in Botou",
        "postCount": 1
      },
      "v_type": "Forum"
    },
    {
      "v_id": "6597070855732",
      "attributes": {
        "forumTitle": "Group for Ashoka in Pretoria",
        "postCount": 1
      },
      "v_type": "Forum"
    },
    {
      "v_id": "7146828765393",
      "attributes": {
        "forumTitle": "Group for David_Foster in Nanchang",
        "postCount": 1
      },
      "v_type": "Forum"
    },
    {
      "v_id": "7146831943583",
      "attributes": {
        "forumTitle": "Group for Muammar_Gaddafi in Hanover",
        "postCount": 1
      },
      "v_type": "Forum"
    },
    {
      "v_id": "7146832926619",
      "attributes": {
        "forumTitle": "Group for Thomas_Edison in Santa_Maria",
        "postCount": 1
      },
      "v_type": "Forum"
    },
    {
      "v_id": "7696582522789",
      "attributes": {
        "forumTitle": "Group for Éamon_de_Valera in Topi",
        "postCount": 1
      },
      "v_type": "Forum"
    },
    {
      "v_id": "7696587719048",
      "attributes": {
        "forumTitle": "Group for A_Different_Corner in Salvador",
        "postCount": 1
      },
      "v_type": "Forum"
    },
    {
      "v_id": "264",
      "attributes": {
        "forumTitle": "Wall of Bea Reyes",
        "postCount": 0
      },
      "v_type": "Forum"
    },
    {
      "v_id": "373",
      "attributes": {
        "forumTitle": "Album 33 of Jie Wang",
        "postCount": 0
      },
      "v_type": "Forum"
    },
    {
      "v_id": "525",
      "attributes": {
        "forumTitle": "Album 0 of Andriy Kofler",
        "postCount": 0
      },
      "v_type": "Forum"
    }
  ]}]
}

real	0m2.180s
user	0m0.509s
sys	0m0.093s
Using graph 'ldbc_snb'
{
  "error": false,
  "message": "",
  "version": {
    "schema": 0,
    "edition": "enterprise",
    "api": "v2"
  },
  "results": [{"F": [
    {
      "v_id": "549761110604",
      "attributes": {
        "forumTitle": "Group for Charlemagne in Shantou",
        "postCount": 1
      },
      "v_type": "Forum"
    },
    {
      "v_id": "1099516966441",
      "attributes": {
        "forumTitle": "Group for Mobutu_Sese_Seko in Kurukshetra",
        "postCount": 1
      },
      "v_type": "Forum"
    },
    {
      "v_id": "1099518006644",
      "attributes": {
        "forumTitle": "Group for Mircea_Eliade in Kandivali",
        "postCount": 1
      },
      "v_type": "Forum"
    },
    {
      "v_id": "2199026487947",
      "attributes": {
        "forumTitle": "Group for Zachary_Taylor in Galați",
        "postCount": 1
      },
      "v_type": "Forum"
    },
    {
      "v_id": "3848291819793",
      "attributes": {
        "forumTitle": "Group for Alexander_Hamilton in Dnipropetrovsk",
        "postCount": 1
      },
      "v_type": "Forum"
    },
    {
      "v_id": "4398048669212",
      "attributes": {
        "forumTitle": "Group for Ezra_Pound in Kerala",
        "postCount": 1
      },
      "v_type": "Forum"
    },
    {
      "v_id": "4947806538174",
      "attributes": {
        "forumTitle": "Group for Bertrand_Russell in Stuttgart",
        "postCount": 1
      },
      "v_type": "Forum"
    },
    {
      "v_id": "5497560263439",
      "attributes": {
        "forumTitle": "Group for Andy_Roddick in Buea",
        "postCount": 1
      },
      "v_type": "Forum"
    },
    {
      "v_id": "6047317144633",
      "attributes": {
        "forumTitle": "Group for William_Tecumseh_Sherman in Kisangani",
        "postCount": 1
      },
      "v_type": "Forum"
    },
    {
      "v_id": "6047318167147",
      "attributes": {
        "forumTitle": "Group for Pádraig_Harrington in Sana'a",
        "postCount": 1
      },
      "v_type": "Forum"
    },
    {
      "v_id": "6047318224443",
      "attributes": {
        "forumTitle": "Group for Elvis_Presley in Botou",
        "postCount": 1
      },
      "v_type": "Forum"
    },
    {
      "v_id": "6597070855732",
      "attributes": {
        "forumTitle": "Group for Ashoka in Pretoria",
        "postCount": 1
      },
      "v_type": "Forum"
    },
    {
      "v_id": "7146828765393",
      "attributes": {
        "forumTitle": "Group for David_Foster in Nanchang",
        "postCount": 1
      },
      "v_type": "Forum"
    },
    {
      "v_id": "7146831943583",
      "attributes": {
        "forumTitle": "Group for Muammar_Gaddafi in Hanover",
        "postCount": 1
      },
      "v_type": "Forum"
    },
    {
      "v_id": "7146832926619",
      "attributes": {
        "forumTitle": "Group for Thomas_Edison in Santa_Maria",
        "postCount": 1
      },
      "v_type": "Forum"
    },
    {
      "v_id": "7696582522789",
      "attributes": {
        "forumTitle": "Group for Éamon_de_Valera in Topi",
        "postCount": 1
      },
      "v_type": "Forum"
    },
    {
      "v_id": "7696587719048",
      "attributes": {
        "forumTitle": "Group for A_Different_Corner in Salvador",
        "postCount": 1
      },
      "v_type": "Forum"
    },
    {
      "v_id": "264",
      "attributes": {
        "forumTitle": "Wall of Bea Reyes",
        "postCount": 0
      },
      "v_type": "Forum"
    },
    {
      "v_id": "373",
      "attributes": {
        "forumTitle": "Album 33 of Jie Wang",
        "postCount": 0
      },
      "v_type": "Forum"
    },
    {
      "v_id": "525",
      "attributes": {
        "forumTitle": "Album 0 of Andriy Kofler",
        "postCount": 0
      },
      "v_type": "Forum"
    }
  ]}]
}

real	0m1.838s
user	0m0.454s
sys	0m0.141s
Using graph 'ldbc_snb'
{
  "error": false,
  "message": "",
  "version": {
    "schema": 0,
    "edition": "enterprise",
    "api": "v2"
  },
  "results": [{"F": [
    {
      "v_id": "549761110604",
      "attributes": {
        "forumTitle": "Group for Charlemagne in Shantou",
        "postCount": 1
      },
      "v_type": "Forum"
    },
    {
      "v_id": "1099516966441",
      "attributes": {
        "forumTitle": "Group for Mobutu_Sese_Seko in Kurukshetra",
        "postCount": 1
      },
      "v_type": "Forum"
    },
    {
      "v_id": "1099518006644",
      "attributes": {
        "forumTitle": "Group for Mircea_Eliade in Kandivali",
        "postCount": 1
      },
      "v_type": "Forum"
    },
    {
      "v_id": "2199026487947",
      "attributes": {
        "forumTitle": "Group for Zachary_Taylor in Galați",
        "postCount": 1
      },
      "v_type": "Forum"
    },
    {
      "v_id": "3848291819793",
      "attributes": {
        "forumTitle": "Group for Alexander_Hamilton in Dnipropetrovsk",
        "postCount": 1
      },
      "v_type": "Forum"
    },
    {
      "v_id": "4398048669212",
      "attributes": {
        "forumTitle": "Group for Ezra_Pound in Kerala",
        "postCount": 1
      },
      "v_type": "Forum"
    },
    {
      "v_id": "4947806538174",
      "attributes": {
        "forumTitle": "Group for Bertrand_Russell in Stuttgart",
        "postCount": 1
      },
      "v_type": "Forum"
    },
    {
      "v_id": "5497560263439",
      "attributes": {
        "forumTitle": "Group for Andy_Roddick in Buea",
        "postCount": 1
      },
      "v_type": "Forum"
    },
    {
      "v_id": "6047317144633",
      "attributes": {
        "forumTitle": "Group for William_Tecumseh_Sherman in Kisangani",
        "postCount": 1
      },
      "v_type": "Forum"
    },
    {
      "v_id": "6047318167147",
      "attributes": {
        "forumTitle": "Group for Pádraig_Harrington in Sana'a",
        "postCount": 1
      },
      "v_type": "Forum"
    },
    {
      "v_id": "6047318224443",
      "attributes": {
        "forumTitle": "Group for Elvis_Presley in Botou",
        "postCount": 1
      },
      "v_type": "Forum"
    },
    {
      "v_id": "6597070855732",
      "attributes": {
        "forumTitle": "Group for Ashoka in Pretoria",
        "postCount": 1
      },
      "v_type": "Forum"
    },
    {
      "v_id": "7146828765393",
      "attributes": {
        "forumTitle": "Group for David_Foster in Nanchang",
        "postCount": 1
      },
      "v_type": "Forum"
    },
    {
      "v_id": "7146831943583",
      "attributes": {
        "forumTitle": "Group for Muammar_Gaddafi in Hanover",
        "postCount": 1
      },
      "v_type": "Forum"
    },
    {
      "v_id": "7146832926619",
      "attributes": {
        "forumTitle": "Group for Thomas_Edison in Santa_Maria",
        "postCount": 1
      },
      "v_type": "Forum"
    },
    {
      "v_id": "7696582522789",
      "attributes": {
        "forumTitle": "Group for Éamon_de_Valera in Topi",
        "postCount": 1
      },
      "v_type": "Forum"
    },
    {
      "v_id": "7696587719048",
      "attributes": {
        "forumTitle": "Group for A_Different_Corner in Salvador",
        "postCount": 1
      },
      "v_type": "Forum"
    },
    {
      "v_id": "264",
      "attributes": {
        "forumTitle": "Wall of Bea Reyes",
        "postCount": 0
      },
      "v_type": "Forum"
    },
    {
      "v_id": "373",
      "attributes": {
        "forumTitle": "Album 33 of Jie Wang",
        "postCount": 0
      },
      "v_type": "Forum"
    },
    {
      "v_id": "525",
      "attributes": {
        "forumTitle": "Album 0 of Andriy Kofler",
        "postCount": 0
      },
      "v_type": "Forum"
    }
  ]}]
}

real	0m1.880s
user	0m0.495s
sys	0m0.074s
Using graph 'ldbc_snb'
{
  "error": false,
  "message": "",
  "version": {
    "schema": 0,
    "edition": "enterprise",
    "api": "v2"
  },
  "results": [{"F": [
    {
      "v_id": "549761110604",
      "attributes": {
        "forumTitle": "Group for Charlemagne in Shantou",
        "postCount": 1
      },
      "v_type": "Forum"
    },
    {
      "v_id": "1099516966441",
      "attributes": {
        "forumTitle": "Group for Mobutu_Sese_Seko in Kurukshetra",
        "postCount": 1
      },
      "v_type": "Forum"
    },
    {
      "v_id": "1099518006644",
      "attributes": {
        "forumTitle": "Group for Mircea_Eliade in Kandivali",
        "postCount": 1
      },
      "v_type": "Forum"
    },
    {
      "v_id": "2199026487947",
      "attributes": {
        "forumTitle": "Group for Zachary_Taylor in Galați",
        "postCount": 1
      },
      "v_type": "Forum"
    },
    {
      "v_id": "3848291819793",
      "attributes": {
        "forumTitle": "Group for Alexander_Hamilton in Dnipropetrovsk",
        "postCount": 1
      },
      "v_type": "Forum"
    },
    {
      "v_id": "4398048669212",
      "attributes": {
        "forumTitle": "Group for Ezra_Pound in Kerala",
        "postCount": 1
      },
      "v_type": "Forum"
    },
    {
      "v_id": "4947806538174",
      "attributes": {
        "forumTitle": "Group for Bertrand_Russell in Stuttgart",
        "postCount": 1
      },
      "v_type": "Forum"
    },
    {
      "v_id": "5497560263439",
      "attributes": {
        "forumTitle": "Group for Andy_Roddick in Buea",
        "postCount": 1
      },
      "v_type": "Forum"
    },
    {
      "v_id": "6047317144633",
      "attributes": {
        "forumTitle": "Group for William_Tecumseh_Sherman in Kisangani",
        "postCount": 1
      },
      "v_type": "Forum"
    },
    {
      "v_id": "6047318167147",
      "attributes": {
        "forumTitle": "Group for Pádraig_Harrington in Sana'a",
        "postCount": 1
      },
      "v_type": "Forum"
    },
    {
      "v_id": "6047318224443",
      "attributes": {
        "forumTitle": "Group for Elvis_Presley in Botou",
        "postCount": 1
      },
      "v_type": "Forum"
    },
    {
      "v_id": "6597070855732",
      "attributes": {
        "forumTitle": "Group for Ashoka in Pretoria",
        "postCount": 1
      },
      "v_type": "Forum"
    },
    {
      "v_id": "7146828765393",
      "attributes": {
        "forumTitle": "Group for David_Foster in Nanchang",
        "postCount": 1
      },
      "v_type": "Forum"
    },
    {
      "v_id": "7146831943583",
      "attributes": {
        "forumTitle": "Group for Muammar_Gaddafi in Hanover",
        "postCount": 1
      },
      "v_type": "Forum"
    },
    {
      "v_id": "7146832926619",
      "attributes": {
        "forumTitle": "Group for Thomas_Edison in Santa_Maria",
        "postCount": 1
      },
      "v_type": "Forum"
    },
    {
      "v_id": "7696582522789",
      "attributes": {
        "forumTitle": "Group for Éamon_de_Valera in Topi",
        "postCount": 1
      },
      "v_type": "Forum"
    },
    {
      "v_id": "7696587719048",
      "attributes": {
        "forumTitle": "Group for A_Different_Corner in Salvador",
        "postCount": 1
      },
      "v_type": "Forum"
    },
    {
      "v_id": "264",
      "attributes": {
        "forumTitle": "Wall of Bea Reyes",
        "postCount": 0
      },
      "v_type": "Forum"
    },
    {
      "v_id": "373",
      "attributes": {
        "forumTitle": "Album 33 of Jie Wang",
        "postCount": 0
      },
      "v_type": "Forum"
    },
    {
      "v_id": "525",
      "attributes": {
        "forumTitle": "Album 0 of Andriy Kofler",
        "postCount": 0
      },
      "v_type": "Forum"
    }
  ]}]
}

real	0m2.270s
user	0m0.483s
sys	0m0.095s
Using graph 'ldbc_snb'
{
  "error": false,
  "message": "",
  "version": {
    "schema": 0,
    "edition": "enterprise",
    "api": "v2"
  },
  "results": [{"F": [
    {
      "v_id": "549761110604",
      "attributes": {
        "forumTitle": "Group for Charlemagne in Shantou",
        "postCount": 1
      },
      "v_type": "Forum"
    },
    {
      "v_id": "1099516966441",
      "attributes": {
        "forumTitle": "Group for Mobutu_Sese_Seko in Kurukshetra",
        "postCount": 1
      },
      "v_type": "Forum"
    },
    {
      "v_id": "1099518006644",
      "attributes": {
        "forumTitle": "Group for Mircea_Eliade in Kandivali",
        "postCount": 1
      },
      "v_type": "Forum"
    },
    {
      "v_id": "2199026487947",
      "attributes": {
        "forumTitle": "Group for Zachary_Taylor in Galați",
        "postCount": 1
      },
      "v_type": "Forum"
    },
    {
      "v_id": "3848291819793",
      "attributes": {
        "forumTitle": "Group for Alexander_Hamilton in Dnipropetrovsk",
        "postCount": 1
      },
      "v_type": "Forum"
    },
    {
      "v_id": "4398048669212",
      "attributes": {
        "forumTitle": "Group for Ezra_Pound in Kerala",
        "postCount": 1
      },
      "v_type": "Forum"
    },
    {
      "v_id": "4947806538174",
      "attributes": {
        "forumTitle": "Group for Bertrand_Russell in Stuttgart",
        "postCount": 1
      },
      "v_type": "Forum"
    },
    {
      "v_id": "5497560263439",
      "attributes": {
        "forumTitle": "Group for Andy_Roddick in Buea",
        "postCount": 1
      },
      "v_type": "Forum"
    },
    {
      "v_id": "6047317144633",
      "attributes": {
        "forumTitle": "Group for William_Tecumseh_Sherman in Kisangani",
        "postCount": 1
      },
      "v_type": "Forum"
    },
    {
      "v_id": "6047318167147",
      "attributes": {
        "forumTitle": "Group for Pádraig_Harrington in Sana'a",
        "postCount": 1
      },
      "v_type": "Forum"
    },
    {
      "v_id": "6047318224443",
      "attributes": {
        "forumTitle": "Group for Elvis_Presley in Botou",
        "postCount": 1
      },
      "v_type": "Forum"
    },
    {
      "v_id": "6597070855732",
      "attributes": {
        "forumTitle": "Group for Ashoka in Pretoria",
        "postCount": 1
      },
      "v_type": "Forum"
    },
    {
      "v_id": "7146828765393",
      "attributes": {
        "forumTitle": "Group for David_Foster in Nanchang",
        "postCount": 1
      },
      "v_type": "Forum"
    },
    {
      "v_id": "7146831943583",
      "attributes": {
        "forumTitle": "Group for Muammar_Gaddafi in Hanover",
        "postCount": 1
      },
      "v_type": "Forum"
    },
    {
      "v_id": "7146832926619",
      "attributes": {
        "forumTitle": "Group for Thomas_Edison in Santa_Maria",
        "postCount": 1
      },
      "v_type": "Forum"
    },
    {
      "v_id": "7696582522789",
      "attributes": {
        "forumTitle": "Group for Éamon_de_Valera in Topi",
        "postCount": 1
      },
      "v_type": "Forum"
    },
    {
      "v_id": "7696587719048",
      "attributes": {
        "forumTitle": "Group for A_Different_Corner in Salvador",
        "postCount": 1
      },
      "v_type": "Forum"
    },
    {
      "v_id": "264",
      "attributes": {
        "forumTitle": "Wall of Bea Reyes",
        "postCount": 0
      },
      "v_type": "Forum"
    },
    {
      "v_id": "373",
      "attributes": {
        "forumTitle": "Album 33 of Jie Wang",
        "postCount": 0
      },
      "v_type": "Forum"
    },
    {
      "v_id": "525",
      "attributes": {
        "forumTitle": "Album 0 of Andriy Kofler",
        "postCount": 0
      },
      "v_type": "Forum"
    }
  ]}]
}

real	0m2.134s
user	0m0.491s
sys	0m0.079s
ic 6
Using graph 'ldbc_snb'
{
  "error": false,
  "message": "",
  "version": {
    "schema": 0,
    "edition": "enterprise",
    "api": "v2"
  },
  "results": [{"T": [
    {
      "v_id": "1453",
      "attributes": {
        "postCount": 66,
        "tagName": "Tom_Gehrels"
      },
      "v_type": "Tag"
    },
    {
      "v_id": "1410",
      "attributes": {
        "postCount": 26,
        "tagName": "Muammar_Gaddafi"
      },
      "v_type": "Tag"
    },
    {
      "v_id": "1524",
      "attributes": {
        "postCount": 22,
        "tagName": "Mariano_Rivera"
      },
      "v_type": "Tag"
    },
    {
      "v_id": "540",
      "attributes": {
        "postCount": 19,
        "tagName": "Sammy_Sosa"
      },
      "v_type": "Tag"
    },
    {
      "v_id": "1541",
      "attributes": {
        "postCount": 16,
        "tagName": "Imelda_Marcos"
      },
      "v_type": "Tag"
    },
    {
      "v_id": "1944",
      "attributes": {
        "postCount": 13,
        "tagName": "Joe_Strummer"
      },
      "v_type": "Tag"
    },
    {
      "v_id": "4863",
      "attributes": {
        "postCount": 13,
        "tagName": "John_Rhys-Davies"
      },
      "v_type": "Tag"
    },
    {
      "v_id": "2206",
      "attributes": {
        "postCount": 13,
        "tagName": "Robert_Fripp"
      },
      "v_type": "Tag"
    },
    {
      "v_id": "1934",
      "attributes": {
        "postCount": 12,
        "tagName": "Paradorn_Srichaphan"
      },
      "v_type": "Tag"
    },
    {
      "v_id": "1404",
      "attributes": {
        "postCount": 12,
        "tagName": "Peter_Hain"
      },
      "v_type": "Tag"
    }
  ]}]
}

real	0m2.243s
user	0m0.440s
sys	0m0.107s
Using graph 'ldbc_snb'
{
  "error": false,
  "message": "",
  "version": {
    "schema": 0,
    "edition": "enterprise",
    "api": "v2"
  },
  "results": [{"T": [
    {
      "v_id": "1453",
      "attributes": {
        "postCount": 66,
        "tagName": "Tom_Gehrels"
      },
      "v_type": "Tag"
    },
    {
      "v_id": "1410",
      "attributes": {
        "postCount": 26,
        "tagName": "Muammar_Gaddafi"
      },
      "v_type": "Tag"
    },
    {
      "v_id": "1524",
      "attributes": {
        "postCount": 22,
        "tagName": "Mariano_Rivera"
      },
      "v_type": "Tag"
    },
    {
      "v_id": "540",
      "attributes": {
        "postCount": 19,
        "tagName": "Sammy_Sosa"
      },
      "v_type": "Tag"
    },
    {
      "v_id": "1541",
      "attributes": {
        "postCount": 16,
        "tagName": "Imelda_Marcos"
      },
      "v_type": "Tag"
    },
    {
      "v_id": "1944",
      "attributes": {
        "postCount": 13,
        "tagName": "Joe_Strummer"
      },
      "v_type": "Tag"
    },
    {
      "v_id": "4863",
      "attributes": {
        "postCount": 13,
        "tagName": "John_Rhys-Davies"
      },
      "v_type": "Tag"
    },
    {
      "v_id": "2206",
      "attributes": {
        "postCount": 13,
        "tagName": "Robert_Fripp"
      },
      "v_type": "Tag"
    },
    {
      "v_id": "1934",
      "attributes": {
        "postCount": 12,
        "tagName": "Paradorn_Srichaphan"
      },
      "v_type": "Tag"
    },
    {
      "v_id": "1404",
      "attributes": {
        "postCount": 12,
        "tagName": "Peter_Hain"
      },
      "v_type": "Tag"
    }
  ]}]
}

real	0m2.278s
user	0m0.455s
sys	0m0.110s
Using graph 'ldbc_snb'
{
  "error": false,
  "message": "",
  "version": {
    "schema": 0,
    "edition": "enterprise",
    "api": "v2"
  },
  "results": [{"T": [
    {
      "v_id": "1453",
      "attributes": {
        "postCount": 66,
        "tagName": "Tom_Gehrels"
      },
      "v_type": "Tag"
    },
    {
      "v_id": "1410",
      "attributes": {
        "postCount": 26,
        "tagName": "Muammar_Gaddafi"
      },
      "v_type": "Tag"
    },
    {
      "v_id": "1524",
      "attributes": {
        "postCount": 22,
        "tagName": "Mariano_Rivera"
      },
      "v_type": "Tag"
    },
    {
      "v_id": "540",
      "attributes": {
        "postCount": 19,
        "tagName": "Sammy_Sosa"
      },
      "v_type": "Tag"
    },
    {
      "v_id": "1541",
      "attributes": {
        "postCount": 16,
        "tagName": "Imelda_Marcos"
      },
      "v_type": "Tag"
    },
    {
      "v_id": "1944",
      "attributes": {
        "postCount": 13,
        "tagName": "Joe_Strummer"
      },
      "v_type": "Tag"
    },
    {
      "v_id": "4863",
      "attributes": {
        "postCount": 13,
        "tagName": "John_Rhys-Davies"
      },
      "v_type": "Tag"
    },
    {
      "v_id": "2206",
      "attributes": {
        "postCount": 13,
        "tagName": "Robert_Fripp"
      },
      "v_type": "Tag"
    },
    {
      "v_id": "1934",
      "attributes": {
        "postCount": 12,
        "tagName": "Paradorn_Srichaphan"
      },
      "v_type": "Tag"
    },
    {
      "v_id": "1404",
      "attributes": {
        "postCount": 12,
        "tagName": "Peter_Hain"
      },
      "v_type": "Tag"
    }
  ]}]
}

real	0m2.312s
user	0m0.482s
sys	0m0.088s
Using graph 'ldbc_snb'
{
  "error": false,
  "message": "",
  "version": {
    "schema": 0,
    "edition": "enterprise",
    "api": "v2"
  },
  "results": [{"T": [
    {
      "v_id": "1453",
      "attributes": {
        "postCount": 66,
        "tagName": "Tom_Gehrels"
      },
      "v_type": "Tag"
    },
    {
      "v_id": "1410",
      "attributes": {
        "postCount": 26,
        "tagName": "Muammar_Gaddafi"
      },
      "v_type": "Tag"
    },
    {
      "v_id": "1524",
      "attributes": {
        "postCount": 22,
        "tagName": "Mariano_Rivera"
      },
      "v_type": "Tag"
    },
    {
      "v_id": "540",
      "attributes": {
        "postCount": 19,
        "tagName": "Sammy_Sosa"
      },
      "v_type": "Tag"
    },
    {
      "v_id": "1541",
      "attributes": {
        "postCount": 16,
        "tagName": "Imelda_Marcos"
      },
      "v_type": "Tag"
    },
    {
      "v_id": "1944",
      "attributes": {
        "postCount": 13,
        "tagName": "Joe_Strummer"
      },
      "v_type": "Tag"
    },
    {
      "v_id": "4863",
      "attributes": {
        "postCount": 13,
        "tagName": "John_Rhys-Davies"
      },
      "v_type": "Tag"
    },
    {
      "v_id": "2206",
      "attributes": {
        "postCount": 13,
        "tagName": "Robert_Fripp"
      },
      "v_type": "Tag"
    },
    {
      "v_id": "1934",
      "attributes": {
        "postCount": 12,
        "tagName": "Paradorn_Srichaphan"
      },
      "v_type": "Tag"
    },
    {
      "v_id": "1404",
      "attributes": {
        "postCount": 12,
        "tagName": "Peter_Hain"
      },
      "v_type": "Tag"
    }
  ]}]
}

real	0m2.500s
user	0m0.459s
sys	0m0.089s
Using graph 'ldbc_snb'
{
  "error": false,
  "message": "",
  "version": {
    "schema": 0,
    "edition": "enterprise",
    "api": "v2"
  },
  "results": [{"T": [
    {
      "v_id": "1453",
      "attributes": {
        "postCount": 66,
        "tagName": "Tom_Gehrels"
      },
      "v_type": "Tag"
    },
    {
      "v_id": "1410",
      "attributes": {
        "postCount": 26,
        "tagName": "Muammar_Gaddafi"
      },
      "v_type": "Tag"
    },
    {
      "v_id": "1524",
      "attributes": {
        "postCount": 22,
        "tagName": "Mariano_Rivera"
      },
      "v_type": "Tag"
    },
    {
      "v_id": "540",
      "attributes": {
        "postCount": 19,
        "tagName": "Sammy_Sosa"
      },
      "v_type": "Tag"
    },
    {
      "v_id": "1541",
      "attributes": {
        "postCount": 16,
        "tagName": "Imelda_Marcos"
      },
      "v_type": "Tag"
    },
    {
      "v_id": "1944",
      "attributes": {
        "postCount": 13,
        "tagName": "Joe_Strummer"
      },
      "v_type": "Tag"
    },
    {
      "v_id": "4863",
      "attributes": {
        "postCount": 13,
        "tagName": "John_Rhys-Davies"
      },
      "v_type": "Tag"
    },
    {
      "v_id": "2206",
      "attributes": {
        "postCount": 13,
        "tagName": "Robert_Fripp"
      },
      "v_type": "Tag"
    },
    {
      "v_id": "1934",
      "attributes": {
        "postCount": 12,
        "tagName": "Paradorn_Srichaphan"
      },
      "v_type": "Tag"
    },
    {
      "v_id": "1404",
      "attributes": {
        "postCount": 12,
        "tagName": "Peter_Hain"
      },
      "v_type": "Tag"
    }
  ]}]
}

real	0m2.281s
user	0m0.423s
sys	0m0.138s
ic 9
Using graph 'ldbc_snb'
{
  "error": false,
  "message": "",
  "version": {
    "schema": 0,
    "edition": "enterprise",
    "api": "v2"
  },
  "results": [{"M": [
    {
      "v_id": "6047328819036",
      "attributes": {
        "M.@personLastName": "Ivanov",
        "M.@messageContent": "maybe",
        "messageCreationDate": "2011-12-06 23:59:53",
        "messageId": 6047328819036,
        "M.@personId": 4398046529417,
        "M.@personFirstName": "Ivan"
      },
      "v_type": "Comment"
    },
    {
      "v_id": "6047324874704",
      "attributes": {
        "M.@personLastName": "Santos",
        "M.@messageContent": "duh",
        "messageCreationDate": "2011-12-06 23:59:42",
        "messageId": 6047324874704,
        "M.@personId": 19791209334798,
        "M.@personFirstName": "Juliana"
      },
      "v_type": "Comment"
    },
    {
      "v_id": "6047341197205",
      "attributes": {
        "M.@personLastName": "Hassan",
        "M.@messageContent": "fine",
        "messageCreationDate": "2011-12-06 23:59:37",
        "messageId": 6047341197205,
        "M.@personId": 6597069798327,
        "M.@personFirstName": "Mohamed"
      },
      "v_type": "Comment"
    },
    {
      "v_id": "6047353115252",
      "attributes": {
        "M.@personLastName": "Bhiari",
        "M.@messageContent": "About El Salvador, , and the countries of Guatemala to the north and Honduras ",
        "messageCreationDate": "2011-12-06 23:59:33",
        "messageId": 6047353115252,
        "M.@personId": 17592186074074,
        "M.@personFirstName": "Hichem"
      },
      "v_type": "Comment"
    },
    {
      "v_id": "6047326888711",
      "attributes": {
        "M.@personLastName": "Li",
        "M.@messageContent": "About Southern Rhodesia, until its extinction in 1980, it was known as Rhodesia. S",
        "messageCreationDate": "2011-12-06 23:59:12",
        "messageId": 6047326888711,
        "M.@personId": 17592186114420,
        "M.@personFirstName": "Jie"
      },
      "v_type": "Comment"
    },
    {
      "v_id": "6047339851605",
      "attributes": {
        "M.@personLastName": "Akef",
        "M.@messageContent": "About Revolution 9,  performances, some of which were reversed. These were further manipulated",
        "messageCreationDate": "2011-12-06 23:59:09",
        "messageId": 6047339851605,
        "M.@personId": 10995116326841,
        "M.@personFirstName": "Samir"
      },
      "v_type": "Comment"
    },
    {
      "v_id": "6047353930375",
      "attributes": {
        "M.@personLastName": "Sharma",
        "M.@messageContent": "photo6047353930375.jpg",
        "messageCreationDate": "2011-12-06 23:58:46",
        "messageId": 6047353930375,
        "M.@personId": 8796093032138,
        "M.@personFirstName": "Arjun"
      },
      "v_type": "Post"
    },
    {
      "v_id": "6047353930374",
      "attributes": {
        "M.@personLastName": "Sharma",
        "M.@messageContent": "photo6047353930374.jpg",
        "messageCreationDate": "2011-12-06 23:58:45",
        "messageId": 6047353930374,
        "M.@personId": 8796093032138,
        "M.@personFirstName": "Arjun"
      },
      "v_type": "Post"
    },
    {
      "v_id": "6047353930373",
      "attributes": {
        "M.@personLastName": "Sharma",
        "M.@messageContent": "photo6047353930373.jpg",
        "messageCreationDate": "2011-12-06 23:58:44",
        "messageId": 6047353930373,
        "M.@personId": 8796093032138,
        "M.@personFirstName": "Arjun"
      },
      "v_type": "Post"
    },
    {
      "v_id": "6047353115250",
      "attributes": {
        "M.@personLastName": "Crisa",
        "M.@messageContent": "About Ernest Hemingway, om the Bell Tolls. Martha Gellhorn became his third wife in 1940. They separated when he ",
        "messageCreationDate": "2011-12-06 23:58:37",
        "messageId": 6047353115250,
        "M.@personId": 19791209344468,
        "M.@personFirstName": "Dhafer"
      },
      "v_type": "Comment"
    },
    {
      "v_id": "6047328107275",
      "attributes": {
        "M.@personLastName": "Cajes",
        "M.@messageContent": "no",
        "messageCreationDate": "2011-12-06 23:58:06",
        "messageId": 6047328107275,
        "M.@personId": 8796093076570,
        "M.@personFirstName": "Rico"
      },
      "v_type": "Comment"
    },
    {
      "v_id": "6047337941947",
      "attributes": {
        "M.@personLastName": "Muller",
        "M.@messageContent": "fine",
        "messageCreationDate": "2011-12-06 23:58:02",
        "messageId": 6047337941947,
        "M.@personId": 6597069771840,
        "M.@personFirstName": "Franz"
      },
      "v_type": "Comment"
    },
    {
      "v_id": "6047333492015",
      "attributes": {
        "M.@personLastName": "Abascal",
        "M.@messageContent": "ok",
        "messageCreationDate": "2011-12-06 23:57:04",
        "messageId": 6047333492015,
        "M.@personId": 6597069801475,
        "M.@personFirstName": "Manuel"
      },
      "v_type": "Comment"
    },
    {
      "v_id": "6047325637970",
      "attributes": {
        "M.@personLastName": "Jones",
        "M.@messageContent": "good",
        "messageCreationDate": "2011-12-06 23:56:59",
        "messageId": 6047325637970,
        "M.@personId": 10995116299538,
        "M.@personFirstName": "Richard"
      },
      "v_type": "Comment"
    },
    {
      "v_id": "6047319185230",
      "attributes": {
        "M.@personLastName": "Li",
        "M.@messageContent": "right",
        "messageCreationDate": "2011-12-06 23:56:52",
        "messageId": 6047319185230,
        "M.@personId": 24189255856978,
        "M.@personFirstName": "Lin"
      },
      "v_type": "Comment"
    },
    {
      "v_id": "6047342700240",
      "attributes": {
        "M.@personLastName": "Golovin",
        "M.@messageContent": "photo6047342700240.jpg",
        "messageCreationDate": "2011-12-06 23:56:46",
        "messageId": 6047342700240,
        "M.@personId": 6597069795913,
        "M.@personFirstName": "Anastasia"
      },
      "v_type": "Post"
    },
    {
      "v_id": "6047342700239",
      "attributes": {
        "M.@personLastName": "Golovin",
        "M.@messageContent": "photo6047342700239.jpg",
        "messageCreationDate": "2011-12-06 23:56:45",
        "messageId": 6047342700239,
        "M.@personId": 6597069795913,
        "M.@personFirstName": "Anastasia"
      },
      "v_type": "Post"
    },
    {
      "v_id": "6047342700238",
      "attributes": {
        "M.@personLastName": "Golovin",
        "M.@messageContent": "photo6047342700238.jpg",
        "messageCreationDate": "2011-12-06 23:56:44",
        "messageId": 6047342700238,
        "M.@personId": 6597069795913,
        "M.@personFirstName": "Anastasia"
      },
      "v_type": "Post"
    },
    {
      "v_id": "6047342700237",
      "attributes": {
        "M.@personLastName": "Golovin",
        "M.@messageContent": "photo6047342700237.jpg",
        "messageCreationDate": "2011-12-06 23:56:43",
        "messageId": 6047342700237,
        "M.@personId": 6597069795913,
        "M.@personFirstName": "Anastasia"
      },
      "v_type": "Post"
    },
    {
      "v_id": "6047342700236",
      "attributes": {
        "M.@personLastName": "Golovin",
        "M.@messageContent": "photo6047342700236.jpg",
        "messageCreationDate": "2011-12-06 23:56:42",
        "messageId": 6047342700236,
        "M.@personId": 6597069795913,
        "M.@personFirstName": "Anastasia"
      },
      "v_type": "Post"
    }
  ]}]
}

real	0m4.710s
user	0m0.512s
sys	0m0.097s
Using graph 'ldbc_snb'
{
  "error": false,
  "message": "",
  "version": {
    "schema": 0,
    "edition": "enterprise",
    "api": "v2"
  },
  "results": [{"M": [
    {
      "v_id": "6047328819036",
      "attributes": {
        "M.@personLastName": "Ivanov",
        "M.@messageContent": "maybe",
        "messageCreationDate": "2011-12-06 23:59:53",
        "messageId": 6047328819036,
        "M.@personId": 4398046529417,
        "M.@personFirstName": "Ivan"
      },
      "v_type": "Comment"
    },
    {
      "v_id": "6047324874704",
      "attributes": {
        "M.@personLastName": "Santos",
        "M.@messageContent": "duh",
        "messageCreationDate": "2011-12-06 23:59:42",
        "messageId": 6047324874704,
        "M.@personId": 19791209334798,
        "M.@personFirstName": "Juliana"
      },
      "v_type": "Comment"
    },
    {
      "v_id": "6047341197205",
      "attributes": {
        "M.@personLastName": "Hassan",
        "M.@messageContent": "fine",
        "messageCreationDate": "2011-12-06 23:59:37",
        "messageId": 6047341197205,
        "M.@personId": 6597069798327,
        "M.@personFirstName": "Mohamed"
      },
      "v_type": "Comment"
    },
    {
      "v_id": "6047353115252",
      "attributes": {
        "M.@personLastName": "Bhiari",
        "M.@messageContent": "About El Salvador, , and the countries of Guatemala to the north and Honduras ",
        "messageCreationDate": "2011-12-06 23:59:33",
        "messageId": 6047353115252,
        "M.@personId": 17592186074074,
        "M.@personFirstName": "Hichem"
      },
      "v_type": "Comment"
    },
    {
      "v_id": "6047326888711",
      "attributes": {
        "M.@personLastName": "Li",
        "M.@messageContent": "About Southern Rhodesia, until its extinction in 1980, it was known as Rhodesia. S",
        "messageCreationDate": "2011-12-06 23:59:12",
        "messageId": 6047326888711,
        "M.@personId": 17592186114420,
        "M.@personFirstName": "Jie"
      },
      "v_type": "Comment"
    },
    {
      "v_id": "6047339851605",
      "attributes": {
        "M.@personLastName": "Akef",
        "M.@messageContent": "About Revolution 9,  performances, some of which were reversed. These were further manipulated",
        "messageCreationDate": "2011-12-06 23:59:09",
        "messageId": 6047339851605,
        "M.@personId": 10995116326841,
        "M.@personFirstName": "Samir"
      },
      "v_type": "Comment"
    },
    {
      "v_id": "6047353930375",
      "attributes": {
        "M.@personLastName": "Sharma",
        "M.@messageContent": "photo6047353930375.jpg",
        "messageCreationDate": "2011-12-06 23:58:46",
        "messageId": 6047353930375,
        "M.@personId": 8796093032138,
        "M.@personFirstName": "Arjun"
      },
      "v_type": "Post"
    },
    {
      "v_id": "6047353930374",
      "attributes": {
        "M.@personLastName": "Sharma",
        "M.@messageContent": "photo6047353930374.jpg",
        "messageCreationDate": "2011-12-06 23:58:45",
        "messageId": 6047353930374,
        "M.@personId": 8796093032138,
        "M.@personFirstName": "Arjun"
      },
      "v_type": "Post"
    },
    {
      "v_id": "6047353930373",
      "attributes": {
        "M.@personLastName": "Sharma",
        "M.@messageContent": "photo6047353930373.jpg",
        "messageCreationDate": "2011-12-06 23:58:44",
        "messageId": 6047353930373,
        "M.@personId": 8796093032138,
        "M.@personFirstName": "Arjun"
      },
      "v_type": "Post"
    },
    {
      "v_id": "6047353115250",
      "attributes": {
        "M.@personLastName": "Crisa",
        "M.@messageContent": "About Ernest Hemingway, om the Bell Tolls. Martha Gellhorn became his third wife in 1940. They separated when he ",
        "messageCreationDate": "2011-12-06 23:58:37",
        "messageId": 6047353115250,
        "M.@personId": 19791209344468,
        "M.@personFirstName": "Dhafer"
      },
      "v_type": "Comment"
    },
    {
      "v_id": "6047328107275",
      "attributes": {
        "M.@personLastName": "Cajes",
        "M.@messageContent": "no",
        "messageCreationDate": "2011-12-06 23:58:06",
        "messageId": 6047328107275,
        "M.@personId": 8796093076570,
        "M.@personFirstName": "Rico"
      },
      "v_type": "Comment"
    },
    {
      "v_id": "6047337941947",
      "attributes": {
        "M.@personLastName": "Muller",
        "M.@messageContent": "fine",
        "messageCreationDate": "2011-12-06 23:58:02",
        "messageId": 6047337941947,
        "M.@personId": 6597069771840,
        "M.@personFirstName": "Franz"
      },
      "v_type": "Comment"
    },
    {
      "v_id": "6047333492015",
      "attributes": {
        "M.@personLastName": "Abascal",
        "M.@messageContent": "ok",
        "messageCreationDate": "2011-12-06 23:57:04",
        "messageId": 6047333492015,
        "M.@personId": 6597069801475,
        "M.@personFirstName": "Manuel"
      },
      "v_type": "Comment"
    },
    {
      "v_id": "6047325637970",
      "attributes": {
        "M.@personLastName": "Jones",
        "M.@messageContent": "good",
        "messageCreationDate": "2011-12-06 23:56:59",
        "messageId": 6047325637970,
        "M.@personId": 10995116299538,
        "M.@personFirstName": "Richard"
      },
      "v_type": "Comment"
    },
    {
      "v_id": "6047319185230",
      "attributes": {
        "M.@personLastName": "Li",
        "M.@messageContent": "right",
        "messageCreationDate": "2011-12-06 23:56:52",
        "messageId": 6047319185230,
        "M.@personId": 24189255856978,
        "M.@personFirstName": "Lin"
      },
      "v_type": "Comment"
    },
    {
      "v_id": "6047342700240",
      "attributes": {
        "M.@personLastName": "Golovin",
        "M.@messageContent": "photo6047342700240.jpg",
        "messageCreationDate": "2011-12-06 23:56:46",
        "messageId": 6047342700240,
        "M.@personId": 6597069795913,
        "M.@personFirstName": "Anastasia"
      },
      "v_type": "Post"
    },
    {
      "v_id": "6047342700239",
      "attributes": {
        "M.@personLastName": "Golovin",
        "M.@messageContent": "photo6047342700239.jpg",
        "messageCreationDate": "2011-12-06 23:56:45",
        "messageId": 6047342700239,
        "M.@personId": 6597069795913,
        "M.@personFirstName": "Anastasia"
      },
      "v_type": "Post"
    },
    {
      "v_id": "6047342700238",
      "attributes": {
        "M.@personLastName": "Golovin",
        "M.@messageContent": "photo6047342700238.jpg",
        "messageCreationDate": "2011-12-06 23:56:44",
        "messageId": 6047342700238,
        "M.@personId": 6597069795913,
        "M.@personFirstName": "Anastasia"
      },
      "v_type": "Post"
    },
    {
      "v_id": "6047342700237",
      "attributes": {
        "M.@personLastName": "Golovin",
        "M.@messageContent": "photo6047342700237.jpg",
        "messageCreationDate": "2011-12-06 23:56:43",
        "messageId": 6047342700237,
        "M.@personId": 6597069795913,
        "M.@personFirstName": "Anastasia"
      },
      "v_type": "Post"
    },
    {
      "v_id": "6047342700236",
      "attributes": {
        "M.@personLastName": "Golovin",
        "M.@messageContent": "photo6047342700236.jpg",
        "messageCreationDate": "2011-12-06 23:56:42",
        "messageId": 6047342700236,
        "M.@personId": 6597069795913,
        "M.@personFirstName": "Anastasia"
      },
      "v_type": "Post"
    }
  ]}]
}

real	0m4.404s
user	0m0.524s
sys	0m0.107s
Using graph 'ldbc_snb'
{
  "error": false,
  "message": "",
  "version": {
    "schema": 0,
    "edition": "enterprise",
    "api": "v2"
  },
  "results": [{"M": [
    {
      "v_id": "6047328819036",
      "attributes": {
        "M.@personLastName": "Ivanov",
        "M.@messageContent": "maybe",
        "messageCreationDate": "2011-12-06 23:59:53",
        "messageId": 6047328819036,
        "M.@personId": 4398046529417,
        "M.@personFirstName": "Ivan"
      },
      "v_type": "Comment"
    },
    {
      "v_id": "6047324874704",
      "attributes": {
        "M.@personLastName": "Santos",
        "M.@messageContent": "duh",
        "messageCreationDate": "2011-12-06 23:59:42",
        "messageId": 6047324874704,
        "M.@personId": 19791209334798,
        "M.@personFirstName": "Juliana"
      },
      "v_type": "Comment"
    },
    {
      "v_id": "6047341197205",
      "attributes": {
        "M.@personLastName": "Hassan",
        "M.@messageContent": "fine",
        "messageCreationDate": "2011-12-06 23:59:37",
        "messageId": 6047341197205,
        "M.@personId": 6597069798327,
        "M.@personFirstName": "Mohamed"
      },
      "v_type": "Comment"
    },
    {
      "v_id": "6047353115252",
      "attributes": {
        "M.@personLastName": "Bhiari",
        "M.@messageContent": "About El Salvador, , and the countries of Guatemala to the north and Honduras ",
        "messageCreationDate": "2011-12-06 23:59:33",
        "messageId": 6047353115252,
        "M.@personId": 17592186074074,
        "M.@personFirstName": "Hichem"
      },
      "v_type": "Comment"
    },
    {
      "v_id": "6047326888711",
      "attributes": {
        "M.@personLastName": "Li",
        "M.@messageContent": "About Southern Rhodesia, until its extinction in 1980, it was known as Rhodesia. S",
        "messageCreationDate": "2011-12-06 23:59:12",
        "messageId": 6047326888711,
        "M.@personId": 17592186114420,
        "M.@personFirstName": "Jie"
      },
      "v_type": "Comment"
    },
    {
      "v_id": "6047339851605",
      "attributes": {
        "M.@personLastName": "Akef",
        "M.@messageContent": "About Revolution 9,  performances, some of which were reversed. These were further manipulated",
        "messageCreationDate": "2011-12-06 23:59:09",
        "messageId": 6047339851605,
        "M.@personId": 10995116326841,
        "M.@personFirstName": "Samir"
      },
      "v_type": "Comment"
    },
    {
      "v_id": "6047353930375",
      "attributes": {
        "M.@personLastName": "Sharma",
        "M.@messageContent": "photo6047353930375.jpg",
        "messageCreationDate": "2011-12-06 23:58:46",
        "messageId": 6047353930375,
        "M.@personId": 8796093032138,
        "M.@personFirstName": "Arjun"
      },
      "v_type": "Post"
    },
    {
      "v_id": "6047353930374",
      "attributes": {
        "M.@personLastName": "Sharma",
        "M.@messageContent": "photo6047353930374.jpg",
        "messageCreationDate": "2011-12-06 23:58:45",
        "messageId": 6047353930374,
        "M.@personId": 8796093032138,
        "M.@personFirstName": "Arjun"
      },
      "v_type": "Post"
    },
    {
      "v_id": "6047353930373",
      "attributes": {
        "M.@personLastName": "Sharma",
        "M.@messageContent": "photo6047353930373.jpg",
        "messageCreationDate": "2011-12-06 23:58:44",
        "messageId": 6047353930373,
        "M.@personId": 8796093032138,
        "M.@personFirstName": "Arjun"
      },
      "v_type": "Post"
    },
    {
      "v_id": "6047353115250",
      "attributes": {
        "M.@personLastName": "Crisa",
        "M.@messageContent": "About Ernest Hemingway, om the Bell Tolls. Martha Gellhorn became his third wife in 1940. They separated when he ",
        "messageCreationDate": "2011-12-06 23:58:37",
        "messageId": 6047353115250,
        "M.@personId": 19791209344468,
        "M.@personFirstName": "Dhafer"
      },
      "v_type": "Comment"
    },
    {
      "v_id": "6047328107275",
      "attributes": {
        "M.@personLastName": "Cajes",
        "M.@messageContent": "no",
        "messageCreationDate": "2011-12-06 23:58:06",
        "messageId": 6047328107275,
        "M.@personId": 8796093076570,
        "M.@personFirstName": "Rico"
      },
      "v_type": "Comment"
    },
    {
      "v_id": "6047337941947",
      "attributes": {
        "M.@personLastName": "Muller",
        "M.@messageContent": "fine",
        "messageCreationDate": "2011-12-06 23:58:02",
        "messageId": 6047337941947,
        "M.@personId": 6597069771840,
        "M.@personFirstName": "Franz"
      },
      "v_type": "Comment"
    },
    {
      "v_id": "6047333492015",
      "attributes": {
        "M.@personLastName": "Abascal",
        "M.@messageContent": "ok",
        "messageCreationDate": "2011-12-06 23:57:04",
        "messageId": 6047333492015,
        "M.@personId": 6597069801475,
        "M.@personFirstName": "Manuel"
      },
      "v_type": "Comment"
    },
    {
      "v_id": "6047325637970",
      "attributes": {
        "M.@personLastName": "Jones",
        "M.@messageContent": "good",
        "messageCreationDate": "2011-12-06 23:56:59",
        "messageId": 6047325637970,
        "M.@personId": 10995116299538,
        "M.@personFirstName": "Richard"
      },
      "v_type": "Comment"
    },
    {
      "v_id": "6047319185230",
      "attributes": {
        "M.@personLastName": "Li",
        "M.@messageContent": "right",
        "messageCreationDate": "2011-12-06 23:56:52",
        "messageId": 6047319185230,
        "M.@personId": 24189255856978,
        "M.@personFirstName": "Lin"
      },
      "v_type": "Comment"
    },
    {
      "v_id": "6047342700240",
      "attributes": {
        "M.@personLastName": "Golovin",
        "M.@messageContent": "photo6047342700240.jpg",
        "messageCreationDate": "2011-12-06 23:56:46",
        "messageId": 6047342700240,
        "M.@personId": 6597069795913,
        "M.@personFirstName": "Anastasia"
      },
      "v_type": "Post"
    },
    {
      "v_id": "6047342700239",
      "attributes": {
        "M.@personLastName": "Golovin",
        "M.@messageContent": "photo6047342700239.jpg",
        "messageCreationDate": "2011-12-06 23:56:45",
        "messageId": 6047342700239,
        "M.@personId": 6597069795913,
        "M.@personFirstName": "Anastasia"
      },
      "v_type": "Post"
    },
    {
      "v_id": "6047342700238",
      "attributes": {
        "M.@personLastName": "Golovin",
        "M.@messageContent": "photo6047342700238.jpg",
        "messageCreationDate": "2011-12-06 23:56:44",
        "messageId": 6047342700238,
        "M.@personId": 6597069795913,
        "M.@personFirstName": "Anastasia"
      },
      "v_type": "Post"
    },
    {
      "v_id": "6047342700237",
      "attributes": {
        "M.@personLastName": "Golovin",
        "M.@messageContent": "photo6047342700237.jpg",
        "messageCreationDate": "2011-12-06 23:56:43",
        "messageId": 6047342700237,
        "M.@personId": 6597069795913,
        "M.@personFirstName": "Anastasia"
      },
      "v_type": "Post"
    },
    {
      "v_id": "6047342700236",
      "attributes": {
        "M.@personLastName": "Golovin",
        "M.@messageContent": "photo6047342700236.jpg",
        "messageCreationDate": "2011-12-06 23:56:42",
        "messageId": 6047342700236,
        "M.@personId": 6597069795913,
        "M.@personFirstName": "Anastasia"
      },
      "v_type": "Post"
    }
  ]}]
}

real	0m4.787s
user	0m0.509s
sys	0m0.122s
Using graph 'ldbc_snb'
{
  "error": false,
  "message": "",
  "version": {
    "schema": 0,
    "edition": "enterprise",
    "api": "v2"
  },
  "results": [{"M": [
    {
      "v_id": "6047328819036",
      "attributes": {
        "M.@personLastName": "Ivanov",
        "M.@messageContent": "maybe",
        "messageCreationDate": "2011-12-06 23:59:53",
        "messageId": 6047328819036,
        "M.@personId": 4398046529417,
        "M.@personFirstName": "Ivan"
      },
      "v_type": "Comment"
    },
    {
      "v_id": "6047324874704",
      "attributes": {
        "M.@personLastName": "Santos",
        "M.@messageContent": "duh",
        "messageCreationDate": "2011-12-06 23:59:42",
        "messageId": 6047324874704,
        "M.@personId": 19791209334798,
        "M.@personFirstName": "Juliana"
      },
      "v_type": "Comment"
    },
    {
      "v_id": "6047341197205",
      "attributes": {
        "M.@personLastName": "Hassan",
        "M.@messageContent": "fine",
        "messageCreationDate": "2011-12-06 23:59:37",
        "messageId": 6047341197205,
        "M.@personId": 6597069798327,
        "M.@personFirstName": "Mohamed"
      },
      "v_type": "Comment"
    },
    {
      "v_id": "6047353115252",
      "attributes": {
        "M.@personLastName": "Bhiari",
        "M.@messageContent": "About El Salvador, , and the countries of Guatemala to the north and Honduras ",
        "messageCreationDate": "2011-12-06 23:59:33",
        "messageId": 6047353115252,
        "M.@personId": 17592186074074,
        "M.@personFirstName": "Hichem"
      },
      "v_type": "Comment"
    },
    {
      "v_id": "6047326888711",
      "attributes": {
        "M.@personLastName": "Li",
        "M.@messageContent": "About Southern Rhodesia, until its extinction in 1980, it was known as Rhodesia. S",
        "messageCreationDate": "2011-12-06 23:59:12",
        "messageId": 6047326888711,
        "M.@personId": 17592186114420,
        "M.@personFirstName": "Jie"
      },
      "v_type": "Comment"
    },
    {
      "v_id": "6047339851605",
      "attributes": {
        "M.@personLastName": "Akef",
        "M.@messageContent": "About Revolution 9,  performances, some of which were reversed. These were further manipulated",
        "messageCreationDate": "2011-12-06 23:59:09",
        "messageId": 6047339851605,
        "M.@personId": 10995116326841,
        "M.@personFirstName": "Samir"
      },
      "v_type": "Comment"
    },
    {
      "v_id": "6047353930375",
      "attributes": {
        "M.@personLastName": "Sharma",
        "M.@messageContent": "photo6047353930375.jpg",
        "messageCreationDate": "2011-12-06 23:58:46",
        "messageId": 6047353930375,
        "M.@personId": 8796093032138,
        "M.@personFirstName": "Arjun"
      },
      "v_type": "Post"
    },
    {
      "v_id": "6047353930374",
      "attributes": {
        "M.@personLastName": "Sharma",
        "M.@messageContent": "photo6047353930374.jpg",
        "messageCreationDate": "2011-12-06 23:58:45",
        "messageId": 6047353930374,
        "M.@personId": 8796093032138,
        "M.@personFirstName": "Arjun"
      },
      "v_type": "Post"
    },
    {
      "v_id": "6047353930373",
      "attributes": {
        "M.@personLastName": "Sharma",
        "M.@messageContent": "photo6047353930373.jpg",
        "messageCreationDate": "2011-12-06 23:58:44",
        "messageId": 6047353930373,
        "M.@personId": 8796093032138,
        "M.@personFirstName": "Arjun"
      },
      "v_type": "Post"
    },
    {
      "v_id": "6047353115250",
      "attributes": {
        "M.@personLastName": "Crisa",
        "M.@messageContent": "About Ernest Hemingway, om the Bell Tolls. Martha Gellhorn became his third wife in 1940. They separated when he ",
        "messageCreationDate": "2011-12-06 23:58:37",
        "messageId": 6047353115250,
        "M.@personId": 19791209344468,
        "M.@personFirstName": "Dhafer"
      },
      "v_type": "Comment"
    },
    {
      "v_id": "6047328107275",
      "attributes": {
        "M.@personLastName": "Cajes",
        "M.@messageContent": "no",
        "messageCreationDate": "2011-12-06 23:58:06",
        "messageId": 6047328107275,
        "M.@personId": 8796093076570,
        "M.@personFirstName": "Rico"
      },
      "v_type": "Comment"
    },
    {
      "v_id": "6047337941947",
      "attributes": {
        "M.@personLastName": "Muller",
        "M.@messageContent": "fine",
        "messageCreationDate": "2011-12-06 23:58:02",
        "messageId": 6047337941947,
        "M.@personId": 6597069771840,
        "M.@personFirstName": "Franz"
      },
      "v_type": "Comment"
    },
    {
      "v_id": "6047333492015",
      "attributes": {
        "M.@personLastName": "Abascal",
        "M.@messageContent": "ok",
        "messageCreationDate": "2011-12-06 23:57:04",
        "messageId": 6047333492015,
        "M.@personId": 6597069801475,
        "M.@personFirstName": "Manuel"
      },
      "v_type": "Comment"
    },
    {
      "v_id": "6047325637970",
      "attributes": {
        "M.@personLastName": "Jones",
        "M.@messageContent": "good",
        "messageCreationDate": "2011-12-06 23:56:59",
        "messageId": 6047325637970,
        "M.@personId": 10995116299538,
        "M.@personFirstName": "Richard"
      },
      "v_type": "Comment"
    },
    {
      "v_id": "6047319185230",
      "attributes": {
        "M.@personLastName": "Li",
        "M.@messageContent": "right",
        "messageCreationDate": "2011-12-06 23:56:52",
        "messageId": 6047319185230,
        "M.@personId": 24189255856978,
        "M.@personFirstName": "Lin"
      },
      "v_type": "Comment"
    },
    {
      "v_id": "6047342700240",
      "attributes": {
        "M.@personLastName": "Golovin",
        "M.@messageContent": "photo6047342700240.jpg",
        "messageCreationDate": "2011-12-06 23:56:46",
        "messageId": 6047342700240,
        "M.@personId": 6597069795913,
        "M.@personFirstName": "Anastasia"
      },
      "v_type": "Post"
    },
    {
      "v_id": "6047342700239",
      "attributes": {
        "M.@personLastName": "Golovin",
        "M.@messageContent": "photo6047342700239.jpg",
        "messageCreationDate": "2011-12-06 23:56:45",
        "messageId": 6047342700239,
        "M.@personId": 6597069795913,
        "M.@personFirstName": "Anastasia"
      },
      "v_type": "Post"
    },
    {
      "v_id": "6047342700238",
      "attributes": {
        "M.@personLastName": "Golovin",
        "M.@messageContent": "photo6047342700238.jpg",
        "messageCreationDate": "2011-12-06 23:56:44",
        "messageId": 6047342700238,
        "M.@personId": 6597069795913,
        "M.@personFirstName": "Anastasia"
      },
      "v_type": "Post"
    },
    {
      "v_id": "6047342700237",
      "attributes": {
        "M.@personLastName": "Golovin",
        "M.@messageContent": "photo6047342700237.jpg",
        "messageCreationDate": "2011-12-06 23:56:43",
        "messageId": 6047342700237,
        "M.@personId": 6597069795913,
        "M.@personFirstName": "Anastasia"
      },
      "v_type": "Post"
    },
    {
      "v_id": "6047342700236",
      "attributes": {
        "M.@personLastName": "Golovin",
        "M.@messageContent": "photo6047342700236.jpg",
        "messageCreationDate": "2011-12-06 23:56:42",
        "messageId": 6047342700236,
        "M.@personId": 6597069795913,
        "M.@personFirstName": "Anastasia"
      },
      "v_type": "Post"
    }
  ]}]
}

real	0m5.360s
user	0m0.523s
sys	0m0.107s
Using graph 'ldbc_snb'
{
  "error": false,
  "message": "",
  "version": {
    "schema": 0,
    "edition": "enterprise",
    "api": "v2"
  },
  "results": [{"M": [
    {
      "v_id": "6047328819036",
      "attributes": {
        "M.@personLastName": "Ivanov",
        "M.@messageContent": "maybe",
        "messageCreationDate": "2011-12-06 23:59:53",
        "messageId": 6047328819036,
        "M.@personId": 4398046529417,
        "M.@personFirstName": "Ivan"
      },
      "v_type": "Comment"
    },
    {
      "v_id": "6047324874704",
      "attributes": {
        "M.@personLastName": "Santos",
        "M.@messageContent": "duh",
        "messageCreationDate": "2011-12-06 23:59:42",
        "messageId": 6047324874704,
        "M.@personId": 19791209334798,
        "M.@personFirstName": "Juliana"
      },
      "v_type": "Comment"
    },
    {
      "v_id": "6047341197205",
      "attributes": {
        "M.@personLastName": "Hassan",
        "M.@messageContent": "fine",
        "messageCreationDate": "2011-12-06 23:59:37",
        "messageId": 6047341197205,
        "M.@personId": 6597069798327,
        "M.@personFirstName": "Mohamed"
      },
      "v_type": "Comment"
    },
    {
      "v_id": "6047353115252",
      "attributes": {
        "M.@personLastName": "Bhiari",
        "M.@messageContent": "About El Salvador, , and the countries of Guatemala to the north and Honduras ",
        "messageCreationDate": "2011-12-06 23:59:33",
        "messageId": 6047353115252,
        "M.@personId": 17592186074074,
        "M.@personFirstName": "Hichem"
      },
      "v_type": "Comment"
    },
    {
      "v_id": "6047326888711",
      "attributes": {
        "M.@personLastName": "Li",
        "M.@messageContent": "About Southern Rhodesia, until its extinction in 1980, it was known as Rhodesia. S",
        "messageCreationDate": "2011-12-06 23:59:12",
        "messageId": 6047326888711,
        "M.@personId": 17592186114420,
        "M.@personFirstName": "Jie"
      },
      "v_type": "Comment"
    },
    {
      "v_id": "6047339851605",
      "attributes": {
        "M.@personLastName": "Akef",
        "M.@messageContent": "About Revolution 9,  performances, some of which were reversed. These were further manipulated",
        "messageCreationDate": "2011-12-06 23:59:09",
        "messageId": 6047339851605,
        "M.@personId": 10995116326841,
        "M.@personFirstName": "Samir"
      },
      "v_type": "Comment"
    },
    {
      "v_id": "6047353930375",
      "attributes": {
        "M.@personLastName": "Sharma",
        "M.@messageContent": "photo6047353930375.jpg",
        "messageCreationDate": "2011-12-06 23:58:46",
        "messageId": 6047353930375,
        "M.@personId": 8796093032138,
        "M.@personFirstName": "Arjun"
      },
      "v_type": "Post"
    },
    {
      "v_id": "6047353930374",
      "attributes": {
        "M.@personLastName": "Sharma",
        "M.@messageContent": "photo6047353930374.jpg",
        "messageCreationDate": "2011-12-06 23:58:45",
        "messageId": 6047353930374,
        "M.@personId": 8796093032138,
        "M.@personFirstName": "Arjun"
      },
      "v_type": "Post"
    },
    {
      "v_id": "6047353930373",
      "attributes": {
        "M.@personLastName": "Sharma",
        "M.@messageContent": "photo6047353930373.jpg",
        "messageCreationDate": "2011-12-06 23:58:44",
        "messageId": 6047353930373,
        "M.@personId": 8796093032138,
        "M.@personFirstName": "Arjun"
      },
      "v_type": "Post"
    },
    {
      "v_id": "6047353115250",
      "attributes": {
        "M.@personLastName": "Crisa",
        "M.@messageContent": "About Ernest Hemingway, om the Bell Tolls. Martha Gellhorn became his third wife in 1940. They separated when he ",
        "messageCreationDate": "2011-12-06 23:58:37",
        "messageId": 6047353115250,
        "M.@personId": 19791209344468,
        "M.@personFirstName": "Dhafer"
      },
      "v_type": "Comment"
    },
    {
      "v_id": "6047328107275",
      "attributes": {
        "M.@personLastName": "Cajes",
        "M.@messageContent": "no",
        "messageCreationDate": "2011-12-06 23:58:06",
        "messageId": 6047328107275,
        "M.@personId": 8796093076570,
        "M.@personFirstName": "Rico"
      },
      "v_type": "Comment"
    },
    {
      "v_id": "6047337941947",
      "attributes": {
        "M.@personLastName": "Muller",
        "M.@messageContent": "fine",
        "messageCreationDate": "2011-12-06 23:58:02",
        "messageId": 6047337941947,
        "M.@personId": 6597069771840,
        "M.@personFirstName": "Franz"
      },
      "v_type": "Comment"
    },
    {
      "v_id": "6047333492015",
      "attributes": {
        "M.@personLastName": "Abascal",
        "M.@messageContent": "ok",
        "messageCreationDate": "2011-12-06 23:57:04",
        "messageId": 6047333492015,
        "M.@personId": 6597069801475,
        "M.@personFirstName": "Manuel"
      },
      "v_type": "Comment"
    },
    {
      "v_id": "6047325637970",
      "attributes": {
        "M.@personLastName": "Jones",
        "M.@messageContent": "good",
        "messageCreationDate": "2011-12-06 23:56:59",
        "messageId": 6047325637970,
        "M.@personId": 10995116299538,
        "M.@personFirstName": "Richard"
      },
      "v_type": "Comment"
    },
    {
      "v_id": "6047319185230",
      "attributes": {
        "M.@personLastName": "Li",
        "M.@messageContent": "right",
        "messageCreationDate": "2011-12-06 23:56:52",
        "messageId": 6047319185230,
        "M.@personId": 24189255856978,
        "M.@personFirstName": "Lin"
      },
      "v_type": "Comment"
    },
    {
      "v_id": "6047342700240",
      "attributes": {
        "M.@personLastName": "Golovin",
        "M.@messageContent": "photo6047342700240.jpg",
        "messageCreationDate": "2011-12-06 23:56:46",
        "messageId": 6047342700240,
        "M.@personId": 6597069795913,
        "M.@personFirstName": "Anastasia"
      },
      "v_type": "Post"
    },
    {
      "v_id": "6047342700239",
      "attributes": {
        "M.@personLastName": "Golovin",
        "M.@messageContent": "photo6047342700239.jpg",
        "messageCreationDate": "2011-12-06 23:56:45",
        "messageId": 6047342700239,
        "M.@personId": 6597069795913,
        "M.@personFirstName": "Anastasia"
      },
      "v_type": "Post"
    },
    {
      "v_id": "6047342700238",
      "attributes": {
        "M.@personLastName": "Golovin",
        "M.@messageContent": "photo6047342700238.jpg",
        "messageCreationDate": "2011-12-06 23:56:44",
        "messageId": 6047342700238,
        "M.@personId": 6597069795913,
        "M.@personFirstName": "Anastasia"
      },
      "v_type": "Post"
    },
    {
      "v_id": "6047342700237",
      "attributes": {
        "M.@personLastName": "Golovin",
        "M.@messageContent": "photo6047342700237.jpg",
        "messageCreationDate": "2011-12-06 23:56:43",
        "messageId": 6047342700237,
        "M.@personId": 6597069795913,
        "M.@personFirstName": "Anastasia"
      },
      "v_type": "Post"
    },
    {
      "v_id": "6047342700236",
      "attributes": {
        "M.@personLastName": "Golovin",
        "M.@messageContent": "photo6047342700236.jpg",
        "messageCreationDate": "2011-12-06 23:56:42",
        "messageId": 6047342700236,
        "M.@personId": 6597069795913,
        "M.@personFirstName": "Anastasia"
      },
      "v_type": "Post"
    }
  ]}]
}

real	0m4.511s
user	0m0.543s
sys	0m0.069s
ic 11
Using graph 'ldbc_snb'
{
  "error": false,
  "message": "",
  "version": {
    "schema": 0,
    "edition": "enterprise",
    "api": "v2"
  },
  "results": [{"P": []}]
}

real	0m0.664s
user	0m0.449s
sys	0m0.083s
Using graph 'ldbc_snb'
{
  "error": false,
  "message": "",
  "version": {
    "schema": 0,
    "edition": "enterprise",
    "api": "v2"
  },
  "results": [{"P": []}]
}

real	0m0.520s
user	0m0.423s
sys	0m0.120s
Using graph 'ldbc_snb'
{
  "error": false,
  "message": "",
  "version": {
    "schema": 0,
    "edition": "enterprise",
    "api": "v2"
  },
  "results": [{"P": []}]
}

real	0m0.510s
user	0m0.461s
sys	0m0.073s
Using graph 'ldbc_snb'
{
  "error": false,
  "message": "",
  "version": {
    "schema": 0,
    "edition": "enterprise",
    "api": "v2"
  },
  "results": [{"P": []}]
}

real	0m0.460s
user	0m0.445s
sys	0m0.090s
Using graph 'ldbc_snb'
{
  "error": false,
  "message": "",
  "version": {
    "schema": 0,
    "edition": "enterprise",
    "api": "v2"
  },
  "results": [{"P": []}]
}

real	0m0.527s
user	0m0.407s
sys	0m0.100s
