{
  "version": {
    "edition": "enterprise",
    "api": "v2",
    "schema": 0
  },
  "error": false,
  "message": "",
  "results": [
    {
      "v": [
        {
          "v_id": "Steven",
          "v_type": "Account",
          "attributes": {
            "name": "Steven",
            "isBlocked": true
          },
          "Embeddings": {
            "emb1": [
              -0.01505514,
              -0.01681934,
              -0.022187
            ]
          }
        },
        {
          "v_id": "Scott",
          "v_type": "Account",
          "attributes": {
            "name": "Scott",
            "isBlocked": false
          },
          "Embeddings": {
            "emb1": [
              -0.01773397,
              -0.01019224,
              -0.01657188
            ]
          }
        }
      ]
    },
    {
      "@@distances": {
        "Scott": 0,
        "Steven": 0.0325563
      }
    }
  ]
}
